[0.057s] Invoking command in '/home/taaniel/weld_ws/build/ur5_welder': CMAKE_PREFIX_PATH=${CMAKE_PREFIX_PATH}:/home/taaniel/workspace/ros_ur_driver/install/ros2controlcli:/home/taaniel/workspace/ros_ur_driver/install/ros2_control_test_nodes:/opt/ros/foxy /usr/bin/cmake --build /home/taaniel/weld_ws/build/ur5_welder -- -j4 -l4
[0.172s] [35m[1mScanning dependencies of target test_node[0m
[0.295s] [ 50%] [32mBuilding CXX object CMakeFiles/test_node.dir/src/moveit_testing.cpp.o[0m
[10.778s] In file included from [01m[K/usr/include/x86_64-linux-gnu/c++/9/bits/c++allocator.h:33[m[K,
[10.778s]                  from [01m[K/usr/include/c++/9/bits/allocator.h:46[m[K,
[10.778s]                  from [01m[K/usr/include/c++/9/memory:63[m[K,
[10.778s]                  from [01m[K/opt/ros/foxy/include/rclcpp/rclcpp.hpp:144[m[K,
[10.779s]                  from [01m[K/home/taaniel/weld_ws/src/ur5_welder/src/moveit_testing.cpp:1[m[K:
[10.779s] /usr/include/c++/9/ext/new_allocator.h: In instantiation of ‘[01m[Kvoid __gnu_cxx::new_allocator<_Tp>::construct(_Up*, _Args&& ...) [with _Up = planning_scene_monitor::PlanningSceneMonitor; _Args = {const char (&)[18]}; _Tp = planning_scene_monitor::PlanningSceneMonitor][m[K’:
[10.779s] [01m[K/usr/include/c++/9/bits/alloc_traits.h:482:2:[m[K   required from ‘[01m[Kstatic void std::allocator_traits<std::allocator<_Tp1> >::construct(std::allocator_traits<std::allocator<_Tp1> >::allocator_type&, _Up*, _Args&& ...) [with _Up = planning_scene_monitor::PlanningSceneMonitor; _Args = {const char (&)[18]}; _Tp = planning_scene_monitor::PlanningSceneMonitor; std::allocator_traits<std::allocator<_Tp1> >::allocator_type = std::allocator<planning_scene_monitor::PlanningSceneMonitor>][m[K’
[10.779s] [01m[K/usr/include/c++/9/bits/shared_ptr_base.h:548:39:[m[K   required from ‘[01m[Kstd::_Sp_counted_ptr_inplace<_Tp, _Alloc, _Lp>::_Sp_counted_ptr_inplace(_Alloc, _Args&& ...) [with _Args = {const char (&)[18]}; _Tp = planning_scene_monitor::PlanningSceneMonitor; _Alloc = std::allocator<planning_scene_monitor::PlanningSceneMonitor>; __gnu_cxx::_Lock_policy _Lp = __gnu_cxx::_S_atomic][m[K’
[10.779s] [01m[K/usr/include/c++/9/bits/shared_ptr_base.h:679:16:[m[K   required from ‘[01m[Kstd::__shared_count<_Lp>::__shared_count(_Tp*&, std::_Sp_alloc_shared_tag<_Alloc>, _Args&& ...) [with _Tp = planning_scene_monitor::PlanningSceneMonitor; _Alloc = std::allocator<planning_scene_monitor::PlanningSceneMonitor>; _Args = {const char (&)[18]}; __gnu_cxx::_Lock_policy _Lp = __gnu_cxx::_S_atomic][m[K’
[10.779s] [01m[K/usr/include/c++/9/bits/shared_ptr_base.h:1344:71:[m[K   required from ‘[01m[Kstd::__shared_ptr<_Tp, _Lp>::__shared_ptr(std::_Sp_alloc_shared_tag<_Tp>, _Args&& ...) [with _Alloc = std::allocator<planning_scene_monitor::PlanningSceneMonitor>; _Args = {const char (&)[18]}; _Tp = planning_scene_monitor::PlanningSceneMonitor; __gnu_cxx::_Lock_policy _Lp = __gnu_cxx::_S_atomic][m[K’
[10.780s] [01m[K/usr/include/c++/9/bits/shared_ptr.h:359:59:[m[K   required from ‘[01m[Kstd::shared_ptr<_Tp>::shared_ptr(std::_Sp_alloc_shared_tag<_Tp>, _Args&& ...) [with _Alloc = std::allocator<planning_scene_monitor::PlanningSceneMonitor>; _Args = {const char (&)[18]}; _Tp = planning_scene_monitor::PlanningSceneMonitor][m[K’
[10.780s] [01m[K/usr/include/c++/9/bits/shared_ptr.h:701:14:[m[K   required from ‘[01m[Kstd::shared_ptr<_Tp> std::allocate_shared(const _Alloc&, _Args&& ...) [with _Tp = planning_scene_monitor::PlanningSceneMonitor; _Alloc = std::allocator<planning_scene_monitor::PlanningSceneMonitor>; _Args = {const char (&)[18]}][m[K’
[10.780s] [01m[K/usr/include/c++/9/bits/shared_ptr.h:717:39:[m[K   required from ‘[01m[Kstd::shared_ptr<_Tp> std::make_shared(_Args&& ...) [with _Tp = planning_scene_monitor::PlanningSceneMonitor; _Args = {const char (&)[18]}][m[K’
[10.780s] [01m[K/home/taaniel/weld_ws/src/ur5_welder/src/moveit_testing.cpp:45:108:[m[K   required from here
[10.780s] [01m[K/usr/include/c++/9/ext/new_allocator.h:145:20:[m[K [01;31m[Kerror: [m[Kno matching function for call to ‘[01m[Kplanning_scene_monitor::PlanningSceneMonitor::PlanningSceneMonitor(const char [18])[m[K’
[10.780s]   145 |  noexcept(noexcept([01;31m[K::new((void *)__p)[m[K
[10.781s]       |                    [01;31m[K^~~~~~~~~~~~~~~~~~[m[K
[10.781s]   146 | [01;31m[K       _Up(std::forward<_Args>(__args)...)[m[K))
[10.781s]       |        [01;31m[K~~~~~~~~~~~~~~~~~~~~~~~~~~~~~~~~~~~[m[K
[10.781s] In file included from [01m[K/home/taaniel/workspace/ros_ur_driver/install/moveit_ros_planning/include/moveit/moveit_cpp/moveit_cpp.h:43[m[K,
[10.781s]                  from [01m[K/home/taaniel/weld_ws/src/ur5_welder/src/moveit_testing.cpp:4[m[K:
[10.782s] [01m[K/home/taaniel/workspace/ros_ur_driver/install/moveit_ros_planning/include/moveit/planning_scene_monitor/planning_scene_monitor.h:145:3:[m[K [01;36m[Knote: [m[Kcandidate: ‘[01m[Kplanning_scene_monitor::PlanningSceneMonitor::PlanningSceneMonitor(const SharedPtr&, const PlanningScenePtr&, const RobotModelLoaderPtr&, const std::shared_ptr<tf2_ros::Buffer>&, const string&)[m[K’
[10.782s]   145 |   [01;36m[KPlanningSceneMonitor[m[K(const rclcpp::Node::SharedPtr& node, const planning_scene::PlanningScenePtr& scene,
[10.782s]       |   [01;36m[K^~~~~~~~~~~~~~~~~~~~[m[K
[10.782s] [01m[K/home/taaniel/workspace/ros_ur_driver/install/moveit_ros_planning/include/moveit/planning_scene_monitor/planning_scene_monitor.h:145:3:[m[K [01;36m[Knote: [m[K  candidate expects 5 arguments, 1 provided
[10.782s] [01m[K/home/taaniel/workspace/ros_ur_driver/install/moveit_ros_planning/include/moveit/planning_scene_monitor/planning_scene_monitor.h:134:3:[m[K [01;36m[Knote: [m[Kcandidate: ‘[01m[Kplanning_scene_monitor::PlanningSceneMonitor::PlanningSceneMonitor(const SharedPtr&, const PlanningScenePtr&, const string&, const std::shared_ptr<tf2_ros::Buffer>&, const string&)[m[K’
[10.782s]   134 |   [01;36m[KPlanningSceneMonitor[m[K(const rclcpp::Node::SharedPtr& node, const planning_scene::PlanningScenePtr& scene,
[10.783s]       |   [01;36m[K^~~~~~~~~~~~~~~~~~~~[m[K
[10.783s] [01m[K/home/taaniel/workspace/ros_ur_driver/install/moveit_ros_planning/include/moveit/planning_scene_monitor/planning_scene_monitor.h:134:3:[m[K [01;36m[Knote: [m[K  candidate expects 5 arguments, 1 provided
[10.783s] [01m[K/home/taaniel/workspace/ros_ur_driver/install/moveit_ros_planning/include/moveit/planning_scene_monitor/planning_scene_monitor.h:124:3:[m[K [01;36m[Knote: [m[Kcandidate: ‘[01m[Kplanning_scene_monitor::PlanningSceneMonitor::PlanningSceneMonitor(const SharedPtr&, const RobotModelLoaderPtr&, const std::shared_ptr<tf2_ros::Buffer>&, const string&)[m[K’
[10.783s]   124 |   [01;36m[KPlanningSceneMonitor[m[K(const rclcpp::Node::SharedPtr& node, const robot_model_loader::RobotModelLoaderPtr& rml,
[10.783s]       |   [01;36m[K^~~~~~~~~~~~~~~~~~~~[m[K
[10.783s] [01m[K/home/taaniel/workspace/ros_ur_driver/install/moveit_ros_planning/include/moveit/planning_scene_monitor/planning_scene_monitor.h:124:3:[m[K [01;36m[Knote: [m[K  candidate expects 4 arguments, 1 provided
[10.784s] [01m[K/home/taaniel/workspace/ros_ur_driver/install/moveit_ros_planning/include/moveit/planning_scene_monitor/planning_scene_monitor.h:115:3:[m[K [01;36m[Knote: [m[Kcandidate: ‘[01m[Kplanning_scene_monitor::PlanningSceneMonitor::PlanningSceneMonitor(const SharedPtr&, const string&, const std::shared_ptr<tf2_ros::Buffer>&, const string&)[m[K’
[10.784s]   115 |   [01;36m[KPlanningSceneMonitor[m[K(const rclcpp::Node::SharedPtr& node, const std::string& robot_description,
[10.784s]       |   [01;36m[K^~~~~~~~~~~~~~~~~~~~[m[K
[10.784s] [01m[K/home/taaniel/workspace/ros_ur_driver/install/moveit_ros_planning/include/moveit/planning_scene_monitor/planning_scene_monitor.h:115:3:[m[K [01;36m[Knote: [m[K  candidate expects 4 arguments, 1 provided
[13.339s] make[2]: *** [CMakeFiles/test_node.dir/build.make:63: CMakeFiles/test_node.dir/src/moveit_testing.cpp.o] Error 1
[13.339s] make[1]: *** [CMakeFiles/Makefile2:78: CMakeFiles/test_node.dir/all] Error 2
[13.340s] make: *** [Makefile:141: all] Error 2
[13.342s] Invoked command in '/home/taaniel/weld_ws/build/ur5_welder' returned '2': CMAKE_PREFIX_PATH=${CMAKE_PREFIX_PATH}:/home/taaniel/workspace/ros_ur_driver/install/ros2controlcli:/home/taaniel/workspace/ros_ur_driver/install/ros2_control_test_nodes:/opt/ros/foxy /usr/bin/cmake --build /home/taaniel/weld_ws/build/ur5_welder -- -j4 -l4
