[0.070s] Invoking command in '/home/taaniel/weld_ws/build/ur5_welder': CMAKE_PREFIX_PATH=${CMAKE_PREFIX_PATH}:/home/taaniel/workspace/ros_ur_driver/install/ros2controlcli:/home/taaniel/workspace/ros_ur_driver/install/ros2_control_test_nodes:/opt/ros/foxy /usr/bin/cmake --build /home/taaniel/weld_ws/build/ur5_welder -- -j4 -l4
[0.224s] [35m[1mScanning dependencies of target test_node[0m
[0.401s] [ 50%] [32mBuilding CXX object CMakeFiles/test_node.dir/src/moveit_testing.cpp.o[0m
[10.343s] [01m[K/home/taaniel/weld_ws/src/ur5_welder/src/moveit_testing.cpp:[m[K In function ‘[01m[Kint main(int, char**)[m[K’:
[10.343s] [01m[K/home/taaniel/weld_ws/src/ur5_welder/src/moveit_testing.cpp:41:40:[m[K [01;35m[Kwarning: [m[Kunused variable ‘[01m[Kjoint_model_group[m[K’ [[01;35m[K-Wunused-variable[m[K]
[10.343s]    41 |   const moveit::core::JointModelGroup* [01;35m[Kjoint_model_group[m[K = move_group.getCurrentState()->getJointModelGroup(PLANNING_GROUP);
[10.343s]       |                                        [01;35m[K^~~~~~~~~~~~~~~~~[m[K
[16.620s] [100%] [32m[1mLinking CXX executable test_node[0m
[17.443s] [100%] Built target test_node
[17.472s] Invoked command in '/home/taaniel/weld_ws/build/ur5_welder' returned '0': CMAKE_PREFIX_PATH=${CMAKE_PREFIX_PATH}:/home/taaniel/workspace/ros_ur_driver/install/ros2controlcli:/home/taaniel/workspace/ros_ur_driver/install/ros2_control_test_nodes:/opt/ros/foxy /usr/bin/cmake --build /home/taaniel/weld_ws/build/ur5_welder -- -j4 -l4
[17.541s] Invoking command in '/home/taaniel/weld_ws/build/ur5_welder': CMAKE_PREFIX_PATH=${CMAKE_PREFIX_PATH}:/home/taaniel/workspace/ros_ur_driver/install/ros2controlcli:/home/taaniel/workspace/ros_ur_driver/install/ros2_control_test_nodes:/opt/ros/foxy /usr/bin/cmake --install /home/taaniel/weld_ws/build/ur5_welder
[17.564s] -- Install configuration: ""
[17.564s] -- Installing: /home/taaniel/weld_ws/install/ur5_welder/lib/ur5_welder/test_node
[17.567s] -- Set runtime path of "/home/taaniel/weld_ws/install/ur5_welder/lib/ur5_welder/test_node" to ""
[17.567s] -- Up-to-date: /home/taaniel/weld_ws/install/ur5_welder/share/ament_index/resource_index/package_run_dependencies/ur5_welder
[17.567s] -- Up-to-date: /home/taaniel/weld_ws/install/ur5_welder/share/ament_index/resource_index/parent_prefix_path/ur5_welder
[17.568s] -- Up-to-date: /home/taaniel/weld_ws/install/ur5_welder/share/ur5_welder/environment/ament_prefix_path.sh
[17.568s] -- Up-to-date: /home/taaniel/weld_ws/install/ur5_welder/share/ur5_welder/environment/ament_prefix_path.dsv
[17.568s] -- Up-to-date: /home/taaniel/weld_ws/install/ur5_welder/share/ur5_welder/environment/path.sh
[17.568s] -- Up-to-date: /home/taaniel/weld_ws/install/ur5_welder/share/ur5_welder/environment/path.dsv
[17.568s] -- Up-to-date: /home/taaniel/weld_ws/install/ur5_welder/share/ur5_welder/local_setup.bash
[17.568s] -- Up-to-date: /home/taaniel/weld_ws/install/ur5_welder/share/ur5_welder/local_setup.sh
[17.569s] -- Up-to-date: /home/taaniel/weld_ws/install/ur5_welder/share/ur5_welder/local_setup.zsh
[17.569s] -- Up-to-date: /home/taaniel/weld_ws/install/ur5_welder/share/ur5_welder/local_setup.dsv
[17.569s] -- Installing: /home/taaniel/weld_ws/install/ur5_welder/share/ur5_welder/package.dsv
[17.569s] -- Up-to-date: /home/taaniel/weld_ws/install/ur5_welder/share/ament_index/resource_index/packages/ur5_welder
[17.570s] -- Up-to-date: /home/taaniel/weld_ws/install/ur5_welder/share/ur5_welder/cmake/ur5_welderConfig.cmake
[17.570s] -- Up-to-date: /home/taaniel/weld_ws/install/ur5_welder/share/ur5_welder/cmake/ur5_welderConfig-version.cmake
[17.570s] -- Up-to-date: /home/taaniel/weld_ws/install/ur5_welder/share/ur5_welder/package.xml
[17.578s] Invoked command in '/home/taaniel/weld_ws/build/ur5_welder' returned '0': CMAKE_PREFIX_PATH=${CMAKE_PREFIX_PATH}:/home/taaniel/workspace/ros_ur_driver/install/ros2controlcli:/home/taaniel/workspace/ros_ur_driver/install/ros2_control_test_nodes:/opt/ros/foxy /usr/bin/cmake --install /home/taaniel/weld_ws/build/ur5_welder
