[0.074s] Invoking command in '/home/taaniel/weld_ws/build/run_moveit_cpp': CMAKE_PREFIX_PATH=${CMAKE_PREFIX_PATH}:/home/taaniel/workspace/ros_ur_driver/install/ros2controlcli:/home/taaniel/workspace/ros_ur_driver/install/ros2_control_test_nodes:/opt/ros/foxy /usr/bin/cmake --build /home/taaniel/weld_ws/build/run_moveit_cpp -- -j4 -l4
[0.259s] [100%] Built target run_moveit_cpp
[0.292s] Invoked command in '/home/taaniel/weld_ws/build/run_moveit_cpp' returned '0': CMAKE_PREFIX_PATH=${CMAKE_PREFIX_PATH}:/home/taaniel/workspace/ros_ur_driver/install/ros2controlcli:/home/taaniel/workspace/ros_ur_driver/install/ros2_control_test_nodes:/opt/ros/foxy /usr/bin/cmake --build /home/taaniel/weld_ws/build/run_moveit_cpp -- -j4 -l4
[0.474s] Invoking command in '/home/taaniel/weld_ws/build/run_moveit_cpp': CMAKE_PREFIX_PATH=${CMAKE_PREFIX_PATH}:/home/taaniel/workspace/ros_ur_driver/install/ros2controlcli:/home/taaniel/workspace/ros_ur_driver/install/ros2_control_test_nodes:/opt/ros/foxy /usr/bin/cmake --install /home/taaniel/weld_ws/build/run_moveit_cpp
[0.515s] -- Install configuration: "Release"
[0.516s] -- Up-to-date: /home/taaniel/weld_ws/install/run_moveit_cpp/lib/run_moveit_cpp/run_moveit_cpp
[0.518s] -- Up-to-date: /home/taaniel/weld_ws/install/run_moveit_cpp/share/run_moveit_cpp/launch
[0.518s] -- Up-to-date: /home/taaniel/weld_ws/install/run_moveit_cpp/share/run_moveit_cpp/launch/run_moveit_cpp.launch.py
[0.518s] -- Up-to-date: /home/taaniel/weld_ws/install/run_moveit_cpp/share/run_moveit_cpp/launch/run_moveit_cpp.rviz
[0.520s] -- Up-to-date: /home/taaniel/weld_ws/install/run_moveit_cpp/share/run_moveit_cpp/config
[0.520s] -- Up-to-date: /home/taaniel/weld_ws/install/run_moveit_cpp/share/run_moveit_cpp/config/moveit_cpp.yaml
[0.521s] -- Up-to-date: /home/taaniel/weld_ws/install/run_moveit_cpp/share/run_moveit_cpp/config/fake_controllers.yaml
[0.521s] -- Up-to-date: /home/taaniel/weld_ws/install/run_moveit_cpp/share/run_moveit_cpp/config/start_positions.yaml
[0.521s] -- Up-to-date: /home/taaniel/weld_ws/install/run_moveit_cpp/share/run_moveit_cpp/config/panda_controllers.yaml
[0.522s] -- Up-to-date: /home/taaniel/weld_ws/install/run_moveit_cpp/share/ament_index/resource_index/package_run_dependencies/run_moveit_cpp
[0.523s] -- Up-to-date: /home/taaniel/weld_ws/install/run_moveit_cpp/share/ament_index/resource_index/parent_prefix_path/run_moveit_cpp
[0.523s] -- Up-to-date: /home/taaniel/weld_ws/install/run_moveit_cpp/share/run_moveit_cpp/environment/ament_prefix_path.sh
[0.524s] -- Up-to-date: /home/taaniel/weld_ws/install/run_moveit_cpp/share/run_moveit_cpp/environment/ament_prefix_path.dsv
[0.525s] -- Up-to-date: /home/taaniel/weld_ws/install/run_moveit_cpp/share/run_moveit_cpp/environment/path.sh
[0.525s] -- Up-to-date: /home/taaniel/weld_ws/install/run_moveit_cpp/share/run_moveit_cpp/environment/path.dsv
[0.526s] -- Up-to-date: /home/taaniel/weld_ws/install/run_moveit_cpp/share/run_moveit_cpp/local_setup.bash
[0.527s] -- Up-to-date: /home/taaniel/weld_ws/install/run_moveit_cpp/share/run_moveit_cpp/local_setup.sh
[0.528s] -- Up-to-date: /home/taaniel/weld_ws/install/run_moveit_cpp/share/run_moveit_cpp/local_setup.zsh
[0.528s] -- Up-to-date: /home/taaniel/weld_ws/install/run_moveit_cpp/share/run_moveit_cpp/local_setup.dsv
[0.529s] -- Installing: /home/taaniel/weld_ws/install/run_moveit_cpp/share/run_moveit_cpp/package.dsv
[0.530s] -- Up-to-date: /home/taaniel/weld_ws/install/run_moveit_cpp/share/ament_index/resource_index/packages/run_moveit_cpp
[0.531s] -- Up-to-date: /home/taaniel/weld_ws/install/run_moveit_cpp/share/run_moveit_cpp/cmake/export_run_moveit_cppExport.cmake
[0.532s] -- Up-to-date: /home/taaniel/weld_ws/install/run_moveit_cpp/share/run_moveit_cpp/cmake/export_run_moveit_cppExport-release.cmake
[0.533s] -- Up-to-date: /home/taaniel/weld_ws/install/run_moveit_cpp/share/run_moveit_cpp/cmake/ament_cmake_export_targets-extras.cmake
[0.533s] -- Up-to-date: /home/taaniel/weld_ws/install/run_moveit_cpp/share/run_moveit_cpp/cmake/run_moveit_cppConfig.cmake
[0.534s] -- Up-to-date: /home/taaniel/weld_ws/install/run_moveit_cpp/share/run_moveit_cpp/cmake/run_moveit_cppConfig-version.cmake
[0.534s] -- Up-to-date: /home/taaniel/weld_ws/install/run_moveit_cpp/share/run_moveit_cpp/package.xml
[0.543s] Invoked command in '/home/taaniel/weld_ws/build/run_moveit_cpp' returned '0': CMAKE_PREFIX_PATH=${CMAKE_PREFIX_PATH}:/home/taaniel/workspace/ros_ur_driver/install/ros2controlcli:/home/taaniel/workspace/ros_ur_driver/install/ros2_control_test_nodes:/opt/ros/foxy /usr/bin/cmake --install /home/taaniel/weld_ws/build/run_moveit_cpp
