[0.025s] Invoking command in '/home/taaniel/weld_ws/build/ur5_welder': CMAKE_PREFIX_PATH=/opt/ros/foxy /usr/bin/cmake /home/taaniel/weld_ws/src/ur5_welder -DCMAKE_INSTALL_PREFIX=/home/taaniel/weld_ws/install/ur5_welder
[0.202s] -- The C compiler identification is GNU 9.3.0
[0.298s] -- The CXX compiler identification is GNU 9.3.0
[0.307s] -- Check for working C compiler: /usr/bin/cc
[0.393s] -- Check for working C compiler: /usr/bin/cc -- works
[0.395s] -- Detecting C compiler ABI info
[0.486s] -- Detecting C compiler ABI info - done
[0.504s] -- Detecting C compile features
[0.505s] -- Detecting C compile features - done
[0.512s] -- Check for working CXX compiler: /usr/bin/c++
[0.633s] -- Check for working CXX compiler: /usr/bin/c++ -- works
[0.636s] -- Detecting CXX compiler ABI info
[0.742s] -- Detecting CXX compiler ABI info - done
[0.758s] -- Detecting CXX compile features
[0.759s] -- Detecting CXX compile features - done
[0.763s] -- Found ament_cmake: 0.9.9 (/opt/ros/foxy/share/ament_cmake/cmake)
[0.791s] -- Found PythonInterp: /usr/bin/python3 (found suitable version "3.8.10", minimum required is "3") 
[0.791s] -- Using PYTHON_EXECUTABLE: /usr/bin/python3
[1.092s] -- Found rclcpp: 2.4.0 (/opt/ros/foxy/share/rclcpp/cmake)
[1.153s] -- Using all available rosidl_typesupport_c: rosidl_typesupport_fastrtps_c;rosidl_typesupport_introspection_c
[1.163s] -- Found rosidl_adapter: 1.2.1 (/opt/ros/foxy/share/rosidl_adapter/cmake)
[1.271s] -- Found OpenSSL: /usr/lib/x86_64-linux-gnu/libcrypto.so (found version "1.1.1f")  
[1.306s] -- Found FastRTPS: /opt/ros/foxy/include  
[1.405s] -- Using all available rosidl_typesupport_cpp: rosidl_typesupport_fastrtps_cpp;rosidl_typesupport_introspection_cpp
[1.477s] -- Found rmw_implementation_cmake: 1.0.3 (/opt/ros/foxy/share/rmw_implementation_cmake/cmake)
[1.479s] -- Using RMW implementation 'rmw_fastrtps_cpp' as default
[1.482s] -- Looking for pthread.h
[1.571s] -- Looking for pthread.h - found
[1.571s] -- Performing Test CMAKE_HAVE_LIBC_PTHREAD
[1.671s] -- Performing Test CMAKE_HAVE_LIBC_PTHREAD - Failed
[1.672s] -- Looking for pthread_create in pthreads
[1.761s] -- Looking for pthread_create in pthreads - not found
[1.762s] -- Looking for pthread_create in pthread
[1.869s] -- Looking for pthread_create in pthread - found
[1.869s] -- Found Threads: TRUE  
[2.131s] CMake Error at CMakeLists.txt:26 (install):
[2.131s]   install TARGETS given target "vision_node" which does not exist.
[2.131s] 
[2.132s] 
[2.133s] -- Found ament_lint_auto: 0.9.6 (/opt/ros/foxy/share/ament_lint_auto/cmake)
[2.229s] -- Added test 'copyright' to check source files copyright and LICENSE
[2.232s] -- Added test 'cppcheck' to perform static code analysis on C / C++ code
[2.233s] -- Configured cppcheck include dirs: 
[2.233s] -- Configured cppcheck exclude dirs and/or files: 
[2.236s] -- Added test 'cpplint' to check C / C++ code against the Google style
[2.236s] -- Configured cpplint exclude dirs and/or files: 
[2.237s] -- Added test 'lint_cmake' to check CMake code style
[2.240s] -- Added test 'uncrustify' to check C / C++ code style
[2.240s] -- Configured uncrustify additional arguments: 
[2.241s] -- Added test 'xmllint' to check XML markup files
[2.247s] -- Configuring incomplete, errors occurred!
[2.247s] See also "/home/taaniel/weld_ws/build/ur5_welder/CMakeFiles/CMakeOutput.log".
[2.247s] See also "/home/taaniel/weld_ws/build/ur5_welder/CMakeFiles/CMakeError.log".
[2.267s] Invoked command in '/home/taaniel/weld_ws/build/ur5_welder' returned '1': CMAKE_PREFIX_PATH=/opt/ros/foxy /usr/bin/cmake /home/taaniel/weld_ws/src/ur5_welder -DCMAKE_INSTALL_PREFIX=/home/taaniel/weld_ws/install/ur5_welder
