[0.054s] Invoking command in '/home/taaniel/weld_ws/build/ur5_welder': CMAKE_PREFIX_PATH=${CMAKE_PREFIX_PATH}:/home/taaniel/workspace/ros_ur_driver/install/ros2controlcli:/home/taaniel/workspace/ros_ur_driver/install/ros2_control_test_nodes:/opt/ros/foxy /usr/bin/cmake --build /home/taaniel/weld_ws/build/ur5_welder -- -j4 -l4
[0.167s] [35m[1mScanning dependencies of target test_node[0m
[0.299s] [ 50%] [32mBuilding CXX object CMakeFiles/test_node.dir/src/moveit_testing.cpp.o[0m
[8.054s] [01m[K/home/taaniel/weld_ws/src/ur5_welder/src/moveit_testing.cpp:[m[K In function ‘[01m[Kint main(int, char**)[m[K’:
[8.054s] [01m[K/home/taaniel/weld_ws/src/ur5_welder/src/moveit_testing.cpp:41:19:[m[K [01;31m[Kerror: [m[K‘[01m[Kmove_group[m[K’ was not declared in this scope
[8.054s]    41 |    current_pose = [01;31m[Kmove_group[m[K.getCurrentPose();
[8.054s]       |                   [01;31m[K^~~~~~~~~~[m[K
[8.056s] [01m[K/home/taaniel/weld_ws/src/ur5_welder/src/moveit_testing.cpp:43:24:[m[K [01;31m[Kerror: [m[K‘[01m[KPose_next_waypoint[m[K’ is not a member of ‘[01m[Kgeometry_msgs::msg[m[K’
[8.056s]    43 |    geometry_msgs::msg::[01;31m[KPose_next_waypoint[m[K = current_pose.pose;
[8.056s]       |                        [01;31m[K^~~~~~~~~~~~~~~~~~[m[K
[8.064s] [01m[K/home/taaniel/weld_ws/src/ur5_welder/src/moveit_testing.cpp:47:4:[m[K [01;31m[Kerror: [m[K‘[01m[Knext_waypoint[m[K’ was not declared in this scope
[8.065s]    47 |    [01;31m[Knext_waypoint[m[K.position.z -= 0.3;
[8.065s]       |    [01;31m[K^~~~~~~~~~~~~[m[K
[8.069s] [01m[K/home/taaniel/weld_ws/src/ur5_welder/src/moveit_testing.cpp:49:4:[m[K [01;31m[Kerror: [m[K‘[01m[Kwaypoints[m[K’ was not declared in this scope
[8.070s]    49 |    [01;31m[Kwaypoints[m[K.push_back(next_waypoint);
[8.070s]       |    [01;31m[K^~~~~~~~~[m[K
[8.070s] [01m[K/home/taaniel/weld_ws/src/ur5_welder/src/moveit_testing.cpp:57:32:[m[K [01;31m[Kerror: [m[K‘[01m[Kmoveit::planning_interface::MoveGroupInterface[m[K’ has not been declared
[8.070s]    57 |    moveit::planning_interface::[01;31m[KMoveGroupInterface[m[K::Plan my_plan;
[8.070s]       |                                [01;31m[K^~~~~~~~~~~~~~~~~~[m[K
[8.075s] [01m[K/home/taaniel/weld_ws/src/ur5_welder/src/moveit_testing.cpp:62:22:[m[K [01;31m[Kerror: [m[K‘[01m[Kmobe_group[m[K’ was not declared in this scope
[8.075s]    62 |    double fraction = [01;31m[Kmobe_group[m[K.computeCartesianPath(waypoints, eef_step, jump_threshold, my_plan.trajectory);
[8.075s]       |                      [01;31m[K^~~~~~~~~~[m[K
[8.079s] [01m[K/home/taaniel/weld_ws/src/ur5_welder/src/moveit_testing.cpp:62:91:[m[K [01;31m[Kerror: [m[K‘[01m[Kmy_plan[m[K’ was not declared in this scope
[8.079s]    62 |    double fraction = mobe_group.computeCartesianPath(waypoints, eef_step, jump_threshold, [01;31m[Kmy_plan[m[K.trajectory);
[8.080s]       |                                                                                           [01;31m[K^~~~~~~[m[K
[8.080s] [01m[K/home/taaniel/weld_ws/src/ur5_welder/src/moveit_testing.cpp:62:11:[m[K [01;35m[Kwarning: [m[Kunused variable ‘[01m[Kfraction[m[K’ [[01;35m[K-Wunused-variable[m[K]
[8.080s]    62 |    double [01;35m[Kfraction[m[K = mobe_group.computeCartesianPath(waypoints, eef_step, jump_threshold, my_plan.trajectory);
[8.080s]       |           [01;35m[K^~~~~~~~[m[K
[12.606s] make[2]: *** [CMakeFiles/test_node.dir/build.make:63: CMakeFiles/test_node.dir/src/moveit_testing.cpp.o] Error 1
[12.606s] make[1]: *** [CMakeFiles/Makefile2:78: CMakeFiles/test_node.dir/all] Error 2
[12.607s] make: *** [Makefile:141: all] Error 2
[12.609s] Invoked command in '/home/taaniel/weld_ws/build/ur5_welder' returned '2': CMAKE_PREFIX_PATH=${CMAKE_PREFIX_PATH}:/home/taaniel/workspace/ros_ur_driver/install/ros2controlcli:/home/taaniel/workspace/ros_ur_driver/install/ros2_control_test_nodes:/opt/ros/foxy /usr/bin/cmake --build /home/taaniel/weld_ws/build/ur5_welder -- -j4 -l4
