[0.810s] DEBUG:colcon:Command line arguments: ['/home/taaniel/.local/bin/colcon', 'build']
[0.811s] DEBUG:colcon:Parsed command line arguments: Namespace(ament_cmake_args=None, base_paths=['.'], build_base='build', catkin_cmake_args=None, catkin_skip_building_tests=False, cmake_args=None, cmake_clean_cache=False, cmake_clean_first=False, cmake_force_configure=False, cmake_target=None, cmake_target_skip_unavailable=False, continue_on_error=False, event_handlers=None, executor='parallel', ignore_user_meta=False, install_base='install', log_base=None, log_level=None, main=<bound method BuildVerb.main of <colcon_core.verb.build.BuildVerb object at 0x7fc64af92df0>>, merge_install=False, metas=['./colcon.meta'], mixin=None, mixin_files=None, mixin_verb=('build',), packages_above=None, packages_above_and_dependencies=None, packages_above_depth=None, packages_end=None, packages_ignore=None, packages_ignore_regex=None, packages_select=None, packages_select_build_failed=False, packages_select_by_dep=None, packages_select_regex=None, packages_select_test_failures=False, packages_skip=None, packages_skip_build_finished=False, packages_skip_by_dep=None, packages_skip_regex=None, packages_skip_test_passed=False, packages_skip_up_to=None, packages_start=None, packages_up_to=None, packages_up_to_regex=None, parallel_workers=4, paths=None, symlink_install=False, test_result_base=None, verb_extension=<colcon_core.verb.build.BuildVerb object at 0x7fc64af92df0>, verb_name='build', verb_parser=<colcon_mixin.mixin.mixin_argument.MixinArgumentDecorator object at 0x7fc64a7658e0>)
[0.833s] Level 1:colcon.colcon_core.package_discovery:discover_packages(colcon_meta) check parameters
[0.833s] Level 1:colcon.colcon_core.package_discovery:discover_packages(recursive) check parameters
[0.833s] Level 1:colcon.colcon_core.package_discovery:discover_packages(ignore) check parameters
[0.833s] Level 1:colcon.colcon_core.package_discovery:discover_packages(path) check parameters
[0.833s] Level 1:colcon.colcon_core.package_discovery:discover_packages(colcon_meta) discover
[0.833s] Level 1:colcon.colcon_core.package_discovery:discover_packages(recursive) discover
[0.833s] INFO:colcon.colcon_core.package_discovery:Crawling recursively for packages in '/home/taaniel/weld_ws'
[0.833s] Level 1:colcon.colcon_core.package_identification:_identify(.) by extensions ['ignore', 'ignore_ament_install']
[0.834s] Level 1:colcon.colcon_core.package_identification:_identify(.) by extension 'ignore'
[0.834s] Level 1:colcon.colcon_core.package_identification:_identify(.) by extension 'ignore_ament_install'
[0.834s] Level 1:colcon.colcon_core.package_identification:_identify(.) by extensions ['colcon_pkg']
[0.834s] Level 1:colcon.colcon_core.package_identification:_identify(.) by extension 'colcon_pkg'
[0.834s] Level 1:colcon.colcon_core.package_identification:_identify(.) by extensions ['colcon_meta']
[0.834s] Level 1:colcon.colcon_core.package_identification:_identify(.) by extension 'colcon_meta'
[0.834s] Level 1:colcon.colcon_core.package_identification:_identify(.) by extensions ['ros']
[0.834s] Level 1:colcon.colcon_core.package_identification:_identify(.) by extension 'ros'
[0.849s] Level 1:colcon.colcon_core.package_identification:_identify(.) by extensions ['cmake', 'python']
[0.849s] Level 1:colcon.colcon_core.package_identification:_identify(.) by extension 'cmake'
[0.849s] Level 1:colcon.colcon_core.package_identification:_identify(.) by extension 'python'
[0.849s] Level 1:colcon.colcon_core.package_identification:_identify(.) by extensions ['python_setup_py']
[0.849s] Level 1:colcon.colcon_core.package_identification:_identify(.) by extension 'python_setup_py'
[0.849s] Level 1:colcon.colcon_core.package_identification:_identify(build) by extensions ['ignore', 'ignore_ament_install']
[0.849s] Level 1:colcon.colcon_core.package_identification:_identify(build) by extension 'ignore'
[0.849s] Level 1:colcon.colcon_core.package_identification:_identify(build) ignored
[0.850s] Level 1:colcon.colcon_core.package_identification:_identify(install) by extensions ['ignore', 'ignore_ament_install']
[0.850s] Level 1:colcon.colcon_core.package_identification:_identify(install) by extension 'ignore'
[0.850s] Level 1:colcon.colcon_core.package_identification:_identify(install) ignored
[0.850s] Level 1:colcon.colcon_core.package_identification:_identify(log) by extensions ['ignore', 'ignore_ament_install']
[0.850s] Level 1:colcon.colcon_core.package_identification:_identify(log) by extension 'ignore'
[0.850s] Level 1:colcon.colcon_core.package_identification:_identify(log) ignored
[0.850s] Level 1:colcon.colcon_core.package_identification:_identify(src) by extensions ['ignore', 'ignore_ament_install']
[0.851s] Level 1:colcon.colcon_core.package_identification:_identify(src) by extension 'ignore'
[0.851s] Level 1:colcon.colcon_core.package_identification:_identify(src) by extension 'ignore_ament_install'
[0.851s] Level 1:colcon.colcon_core.package_identification:_identify(src) by extensions ['colcon_pkg']
[0.851s] Level 1:colcon.colcon_core.package_identification:_identify(src) by extension 'colcon_pkg'
[0.851s] Level 1:colcon.colcon_core.package_identification:_identify(src) by extensions ['colcon_meta']
[0.851s] Level 1:colcon.colcon_core.package_identification:_identify(src) by extension 'colcon_meta'
[0.851s] Level 1:colcon.colcon_core.package_identification:_identify(src) by extensions ['ros']
[0.851s] Level 1:colcon.colcon_core.package_identification:_identify(src) by extension 'ros'
[0.851s] Level 1:colcon.colcon_core.package_identification:_identify(src) by extensions ['cmake', 'python']
[0.851s] Level 1:colcon.colcon_core.package_identification:_identify(src) by extension 'cmake'
[0.851s] Level 1:colcon.colcon_core.package_identification:_identify(src) by extension 'python'
[0.851s] Level 1:colcon.colcon_core.package_identification:_identify(src) by extensions ['python_setup_py']
[0.852s] Level 1:colcon.colcon_core.package_identification:_identify(src) by extension 'python_setup_py'
[0.852s] Level 1:colcon.colcon_core.package_identification:_identify(src/run_moveit_cpp) by extensions ['ignore', 'ignore_ament_install']
[0.852s] Level 1:colcon.colcon_core.package_identification:_identify(src/run_moveit_cpp) by extension 'ignore'
[0.852s] Level 1:colcon.colcon_core.package_identification:_identify(src/run_moveit_cpp) by extension 'ignore_ament_install'
[0.852s] Level 1:colcon.colcon_core.package_identification:_identify(src/run_moveit_cpp) by extensions ['colcon_pkg']
[0.852s] Level 1:colcon.colcon_core.package_identification:_identify(src/run_moveit_cpp) by extension 'colcon_pkg'
[0.852s] Level 1:colcon.colcon_core.package_identification:_identify(src/run_moveit_cpp) by extensions ['colcon_meta']
[0.852s] Level 1:colcon.colcon_core.package_identification:_identify(src/run_moveit_cpp) by extension 'colcon_meta'
[0.852s] Level 1:colcon.colcon_core.package_identification:_identify(src/run_moveit_cpp) by extensions ['ros']
[0.852s] Level 1:colcon.colcon_core.package_identification:_identify(src/run_moveit_cpp) by extension 'ros'
[0.856s] DEBUG:colcon.colcon_core.package_identification:Package 'src/run_moveit_cpp' with type 'ros.ament_cmake' and name 'run_moveit_cpp'
[0.856s] Level 1:colcon.colcon_core.package_identification:_identify(src/ur5_welder) by extensions ['ignore', 'ignore_ament_install']
[0.856s] Level 1:colcon.colcon_core.package_identification:_identify(src/ur5_welder) by extension 'ignore'
[0.857s] Level 1:colcon.colcon_core.package_identification:_identify(src/ur5_welder) by extension 'ignore_ament_install'
[0.857s] Level 1:colcon.colcon_core.package_identification:_identify(src/ur5_welder) by extensions ['colcon_pkg']
[0.857s] Level 1:colcon.colcon_core.package_identification:_identify(src/ur5_welder) by extension 'colcon_pkg'
[0.857s] Level 1:colcon.colcon_core.package_identification:_identify(src/ur5_welder) by extensions ['colcon_meta']
[0.857s] Level 1:colcon.colcon_core.package_identification:_identify(src/ur5_welder) by extension 'colcon_meta'
[0.857s] Level 1:colcon.colcon_core.package_identification:_identify(src/ur5_welder) by extensions ['ros']
[0.857s] Level 1:colcon.colcon_core.package_identification:_identify(src/ur5_welder) by extension 'ros'
[0.859s] DEBUG:colcon.colcon_core.package_identification:Package 'src/ur5_welder' with type 'ros.ament_cmake' and name 'ur5_welder'
[0.859s] Level 1:colcon.colcon_core.package_discovery:discover_packages(recursive) using defaults
[0.859s] Level 1:colcon.colcon_core.package_discovery:discover_packages(ignore) discover
[0.859s] Level 1:colcon.colcon_core.package_discovery:discover_packages(ignore) using defaults
[0.859s] Level 1:colcon.colcon_core.package_discovery:discover_packages(path) discover
[0.859s] Level 1:colcon.colcon_core.package_discovery:discover_packages(path) using defaults
[0.914s] Level 5:colcon.colcon_core.verb:set package 'run_moveit_cpp' build argument 'cmake_args' from command line to 'None'
[0.914s] Level 5:colcon.colcon_core.verb:set package 'run_moveit_cpp' build argument 'cmake_target' from command line to 'None'
[0.914s] Level 5:colcon.colcon_core.verb:set package 'run_moveit_cpp' build argument 'cmake_target_skip_unavailable' from command line to 'False'
[0.914s] Level 5:colcon.colcon_core.verb:set package 'run_moveit_cpp' build argument 'cmake_clean_cache' from command line to 'False'
[0.914s] Level 5:colcon.colcon_core.verb:set package 'run_moveit_cpp' build argument 'cmake_clean_first' from command line to 'False'
[0.914s] Level 5:colcon.colcon_core.verb:set package 'run_moveit_cpp' build argument 'cmake_force_configure' from command line to 'False'
[0.914s] Level 5:colcon.colcon_core.verb:set package 'run_moveit_cpp' build argument 'ament_cmake_args' from command line to 'None'
[0.914s] Level 5:colcon.colcon_core.verb:set package 'run_moveit_cpp' build argument 'catkin_cmake_args' from command line to 'None'
[0.914s] Level 5:colcon.colcon_core.verb:set package 'run_moveit_cpp' build argument 'catkin_skip_building_tests' from command line to 'False'
[0.914s] DEBUG:colcon.colcon_core.verb:Building package 'run_moveit_cpp' with the following arguments: {'ament_cmake_args': None, 'build_base': '/home/taaniel/weld_ws/build/run_moveit_cpp', 'catkin_cmake_args': None, 'catkin_skip_building_tests': False, 'cmake_args': None, 'cmake_clean_cache': False, 'cmake_clean_first': False, 'cmake_force_configure': False, 'cmake_target': None, 'cmake_target_skip_unavailable': False, 'install_base': '/home/taaniel/weld_ws/install/run_moveit_cpp', 'merge_install': False, 'path': '/home/taaniel/weld_ws/src/run_moveit_cpp', 'symlink_install': False, 'test_result_base': None}
[0.925s] Level 5:colcon.colcon_core.verb:set package 'ur5_welder' build argument 'cmake_args' from command line to 'None'
[0.925s] Level 5:colcon.colcon_core.verb:set package 'ur5_welder' build argument 'cmake_target' from command line to 'None'
[0.925s] Level 5:colcon.colcon_core.verb:set package 'ur5_welder' build argument 'cmake_target_skip_unavailable' from command line to 'False'
[0.925s] Level 5:colcon.colcon_core.verb:set package 'ur5_welder' build argument 'cmake_clean_cache' from command line to 'False'
[0.925s] Level 5:colcon.colcon_core.verb:set package 'ur5_welder' build argument 'cmake_clean_first' from command line to 'False'
[0.925s] Level 5:colcon.colcon_core.verb:set package 'ur5_welder' build argument 'cmake_force_configure' from command line to 'False'
[0.925s] Level 5:colcon.colcon_core.verb:set package 'ur5_welder' build argument 'ament_cmake_args' from command line to 'None'
[0.925s] Level 5:colcon.colcon_core.verb:set package 'ur5_welder' build argument 'catkin_cmake_args' from command line to 'None'
[0.925s] Level 5:colcon.colcon_core.verb:set package 'ur5_welder' build argument 'catkin_skip_building_tests' from command line to 'False'
[0.925s] DEBUG:colcon.colcon_core.verb:Building package 'ur5_welder' with the following arguments: {'ament_cmake_args': None, 'build_base': '/home/taaniel/weld_ws/build/ur5_welder', 'catkin_cmake_args': None, 'catkin_skip_building_tests': False, 'cmake_args': None, 'cmake_clean_cache': False, 'cmake_clean_first': False, 'cmake_force_configure': False, 'cmake_target': None, 'cmake_target_skip_unavailable': False, 'install_base': '/home/taaniel/weld_ws/install/ur5_welder', 'merge_install': False, 'path': '/home/taaniel/weld_ws/src/ur5_welder', 'symlink_install': False, 'test_result_base': None}
[0.928s] INFO:colcon.colcon_core.executor:Executing jobs using 'parallel' executor
[0.944s] DEBUG:colcon.colcon_parallel_executor.executor.parallel:run_until_complete
[0.945s] INFO:colcon.colcon_ros.task.ament_cmake.build:Building ROS package in '/home/taaniel/weld_ws/src/run_moveit_cpp' with build type 'ament_cmake'
[0.945s] INFO:colcon.colcon_cmake.task.cmake.build:Building CMake package in '/home/taaniel/weld_ws/src/run_moveit_cpp'
[0.957s] INFO:colcon.colcon_core.plugin_system:Skipping extension 'colcon_core.shell.bat': Not used on non-Windows systems
[0.958s] INFO:colcon.colcon_core.shell:Skip shell extension 'powershell' for command environment: Not usable outside of PowerShell
[0.958s] DEBUG:colcon.colcon_core.shell:Skip shell extension 'dsv' for command environment
[0.973s] DEBUG:colcon.colcon_core.shell:Ignoring prefix path '/opt/ros/foxy'
[0.978s] INFO:colcon.colcon_ros.task.ament_cmake.build:Building ROS package in '/home/taaniel/weld_ws/src/ur5_welder' with build type 'ament_cmake'
[0.979s] INFO:colcon.colcon_cmake.task.cmake.build:Building CMake package in '/home/taaniel/weld_ws/src/ur5_welder'
[0.989s] INFO:colcon.colcon_core.shell:Skip shell extension 'powershell' for command environment: Not usable outside of PowerShell
[0.989s] DEBUG:colcon.colcon_core.shell:Skip shell extension 'dsv' for command environment
[1.001s] DEBUG:colcon.colcon_core.shell:Ignoring prefix path '/opt/ros/foxy'
[1.020s] DEBUG:colcon.colcon_core.event_handler.log_command:Invoking command in '/home/taaniel/weld_ws/build/run_moveit_cpp': CMAKE_PREFIX_PATH=${CMAKE_PREFIX_PATH}:/home/taaniel/workspace/ros_ur_driver/install/ros2controlcli:/home/taaniel/workspace/ros_ur_driver/install/ros2_control_test_nodes:/opt/ros/foxy /usr/bin/cmake --build /home/taaniel/weld_ws/build/run_moveit_cpp -- -j4 -l4
[1.034s] DEBUG:colcon.colcon_core.event_handler.log_command:Invoking command in '/home/taaniel/weld_ws/build/ur5_welder': CMAKE_PREFIX_PATH=${CMAKE_PREFIX_PATH}:/home/taaniel/workspace/ros_ur_driver/install/ros2controlcli:/home/taaniel/workspace/ros_ur_driver/install/ros2_control_test_nodes:/opt/ros/foxy /usr/bin/cmake --build /home/taaniel/weld_ws/build/ur5_welder -- -j4 -l4
[1.229s] DEBUG:colcon.colcon_core.event_handler.log_command:Invoked command in '/home/taaniel/weld_ws/build/run_moveit_cpp' returned '0': CMAKE_PREFIX_PATH=${CMAKE_PREFIX_PATH}:/home/taaniel/workspace/ros_ur_driver/install/ros2controlcli:/home/taaniel/workspace/ros_ur_driver/install/ros2_control_test_nodes:/opt/ros/foxy /usr/bin/cmake --build /home/taaniel/weld_ws/build/run_moveit_cpp -- -j4 -l4
[1.353s] DEBUG:colcon.colcon_core.event_handler.log_command:Invoking command in '/home/taaniel/weld_ws/build/run_moveit_cpp': CMAKE_PREFIX_PATH=${CMAKE_PREFIX_PATH}:/home/taaniel/workspace/ros_ur_driver/install/ros2controlcli:/home/taaniel/workspace/ros_ur_driver/install/ros2_control_test_nodes:/opt/ros/foxy /usr/bin/cmake --install /home/taaniel/weld_ws/build/run_moveit_cpp
[1.416s] Level 1:colcon.colcon_core.environment:create_environment_scripts_only(run_moveit_cpp)
[1.436s] DEBUG:colcon.colcon_core.event_handler.log_command:Invoked command in '/home/taaniel/weld_ws/build/run_moveit_cpp' returned '0': CMAKE_PREFIX_PATH=${CMAKE_PREFIX_PATH}:/home/taaniel/workspace/ros_ur_driver/install/ros2controlcli:/home/taaniel/workspace/ros_ur_driver/install/ros2_control_test_nodes:/opt/ros/foxy /usr/bin/cmake --install /home/taaniel/weld_ws/build/run_moveit_cpp
[1.451s] Level 1:colcon.colcon_core.environment:checking '/home/taaniel/weld_ws/install/run_moveit_cpp' for CMake module files
[1.453s] Level 1:colcon.colcon_core.environment:checking '/home/taaniel/weld_ws/install/run_moveit_cpp' for CMake config files
[1.453s] Level 1:colcon.colcon_core.shell:create_environment_hook('run_moveit_cpp', 'cmake_prefix_path')
[1.472s] INFO:colcon.colcon_core.shell:Creating environment hook '/home/taaniel/weld_ws/install/run_moveit_cpp/share/run_moveit_cpp/hook/cmake_prefix_path.ps1'
[1.475s] INFO:colcon.colcon_core.shell:Creating environment descriptor '/home/taaniel/weld_ws/install/run_moveit_cpp/share/run_moveit_cpp/hook/cmake_prefix_path.dsv'
[1.477s] INFO:colcon.colcon_core.shell:Creating environment hook '/home/taaniel/weld_ws/install/run_moveit_cpp/share/run_moveit_cpp/hook/cmake_prefix_path.sh'
[1.480s] Level 1:colcon.colcon_core.environment:checking '/home/taaniel/weld_ws/install/run_moveit_cpp/lib'
[1.480s] Level 1:colcon.colcon_core.environment:checking '/home/taaniel/weld_ws/install/run_moveit_cpp/bin'
[1.481s] Level 1:colcon.colcon_core.environment:checking '/home/taaniel/weld_ws/install/run_moveit_cpp/lib/pkgconfig/run_moveit_cpp.pc'
[1.481s] Level 1:colcon.colcon_core.environment:checking '/home/taaniel/weld_ws/install/run_moveit_cpp/lib/python3.8/site-packages'
[1.497s] INFO:colcon.colcon_core.shell:Creating package script '/home/taaniel/weld_ws/install/run_moveit_cpp/share/run_moveit_cpp/package.ps1'
[1.500s] INFO:colcon.colcon_core.shell:Creating package descriptor '/home/taaniel/weld_ws/install/run_moveit_cpp/share/run_moveit_cpp/package.dsv'
[1.501s] INFO:colcon.colcon_core.shell:Creating package script '/home/taaniel/weld_ws/install/run_moveit_cpp/share/run_moveit_cpp/package.sh'
[1.504s] INFO:colcon.colcon_core.shell:Creating package script '/home/taaniel/weld_ws/install/run_moveit_cpp/share/run_moveit_cpp/package.bash'
[1.507s] INFO:colcon.colcon_core.shell:Creating package script '/home/taaniel/weld_ws/install/run_moveit_cpp/share/run_moveit_cpp/package.zsh'
[1.509s] Level 1:colcon.colcon_core.environment:create_file_with_runtime_dependencies(/home/taaniel/weld_ws/install/run_moveit_cpp/share/colcon-core/packages/run_moveit_cpp)
[1.635s] Level 1:colcon.colcon_core.environment:create_environment_scripts_only(run_moveit_cpp)
[1.646s] Level 1:colcon.colcon_core.environment:checking '/home/taaniel/weld_ws/install/run_moveit_cpp' for CMake module files
[1.647s] Level 1:colcon.colcon_core.environment:checking '/home/taaniel/weld_ws/install/run_moveit_cpp' for CMake config files
[1.647s] Level 1:colcon.colcon_core.shell:create_environment_hook('run_moveit_cpp', 'cmake_prefix_path')
[1.656s] INFO:colcon.colcon_core.shell:Creating environment hook '/home/taaniel/weld_ws/install/run_moveit_cpp/share/run_moveit_cpp/hook/cmake_prefix_path.ps1'
[1.657s] INFO:colcon.colcon_core.shell:Creating environment descriptor '/home/taaniel/weld_ws/install/run_moveit_cpp/share/run_moveit_cpp/hook/cmake_prefix_path.dsv'
[1.658s] INFO:colcon.colcon_core.shell:Creating environment hook '/home/taaniel/weld_ws/install/run_moveit_cpp/share/run_moveit_cpp/hook/cmake_prefix_path.sh'
[1.659s] Level 1:colcon.colcon_core.environment:checking '/home/taaniel/weld_ws/install/run_moveit_cpp/lib'
[1.659s] Level 1:colcon.colcon_core.environment:checking '/home/taaniel/weld_ws/install/run_moveit_cpp/bin'
[1.659s] Level 1:colcon.colcon_core.environment:checking '/home/taaniel/weld_ws/install/run_moveit_cpp/lib/pkgconfig/run_moveit_cpp.pc'
[1.659s] Level 1:colcon.colcon_core.environment:checking '/home/taaniel/weld_ws/install/run_moveit_cpp/lib/python3.8/site-packages'
[1.671s] INFO:colcon.colcon_core.shell:Creating package script '/home/taaniel/weld_ws/install/run_moveit_cpp/share/run_moveit_cpp/package.ps1'
[1.672s] INFO:colcon.colcon_core.shell:Creating package descriptor '/home/taaniel/weld_ws/install/run_moveit_cpp/share/run_moveit_cpp/package.dsv'
[1.673s] INFO:colcon.colcon_core.shell:Creating package script '/home/taaniel/weld_ws/install/run_moveit_cpp/share/run_moveit_cpp/package.sh'
[1.674s] INFO:colcon.colcon_core.shell:Creating package script '/home/taaniel/weld_ws/install/run_moveit_cpp/share/run_moveit_cpp/package.bash'
[1.675s] INFO:colcon.colcon_core.shell:Creating package script '/home/taaniel/weld_ws/install/run_moveit_cpp/share/run_moveit_cpp/package.zsh'
[1.676s] Level 1:colcon.colcon_core.environment:create_file_with_runtime_dependencies(/home/taaniel/weld_ws/install/run_moveit_cpp/share/colcon-core/packages/run_moveit_cpp)
[15.095s] DEBUG:colcon.colcon_core.event_handler.log_command:Invoked command in '/home/taaniel/weld_ws/build/ur5_welder' returned '0': CMAKE_PREFIX_PATH=${CMAKE_PREFIX_PATH}:/home/taaniel/workspace/ros_ur_driver/install/ros2controlcli:/home/taaniel/workspace/ros_ur_driver/install/ros2_control_test_nodes:/opt/ros/foxy /usr/bin/cmake --build /home/taaniel/weld_ws/build/ur5_welder -- -j4 -l4
[15.159s] DEBUG:colcon.colcon_core.event_handler.log_command:Invoking command in '/home/taaniel/weld_ws/build/ur5_welder': CMAKE_PREFIX_PATH=${CMAKE_PREFIX_PATH}:/home/taaniel/workspace/ros_ur_driver/install/ros2controlcli:/home/taaniel/workspace/ros_ur_driver/install/ros2_control_test_nodes:/opt/ros/foxy /usr/bin/cmake --install /home/taaniel/weld_ws/build/ur5_welder
[15.183s] Level 1:colcon.colcon_core.environment:create_environment_scripts_only(ur5_welder)
[15.192s] Level 1:colcon.colcon_core.environment:checking '/home/taaniel/weld_ws/install/ur5_welder' for CMake module files
[15.193s] DEBUG:colcon.colcon_core.event_handler.log_command:Invoked command in '/home/taaniel/weld_ws/build/ur5_welder' returned '0': CMAKE_PREFIX_PATH=${CMAKE_PREFIX_PATH}:/home/taaniel/workspace/ros_ur_driver/install/ros2controlcli:/home/taaniel/workspace/ros_ur_driver/install/ros2_control_test_nodes:/opt/ros/foxy /usr/bin/cmake --install /home/taaniel/weld_ws/build/ur5_welder
[15.194s] Level 1:colcon.colcon_core.environment:checking '/home/taaniel/weld_ws/install/ur5_welder' for CMake config files
[15.195s] Level 1:colcon.colcon_core.shell:create_environment_hook('ur5_welder', 'cmake_prefix_path')
[15.202s] INFO:colcon.colcon_core.shell:Creating environment hook '/home/taaniel/weld_ws/install/ur5_welder/share/ur5_welder/hook/cmake_prefix_path.ps1'
[15.203s] INFO:colcon.colcon_core.shell:Creating environment descriptor '/home/taaniel/weld_ws/install/ur5_welder/share/ur5_welder/hook/cmake_prefix_path.dsv'
[15.203s] INFO:colcon.colcon_core.shell:Creating environment hook '/home/taaniel/weld_ws/install/ur5_welder/share/ur5_welder/hook/cmake_prefix_path.sh'
[15.204s] Level 1:colcon.colcon_core.environment:checking '/home/taaniel/weld_ws/install/ur5_welder/lib'
[15.204s] Level 1:colcon.colcon_core.environment:checking '/home/taaniel/weld_ws/install/ur5_welder/bin'
[15.205s] Level 1:colcon.colcon_core.environment:checking '/home/taaniel/weld_ws/install/ur5_welder/lib/pkgconfig/ur5_welder.pc'
[15.205s] Level 1:colcon.colcon_core.environment:checking '/home/taaniel/weld_ws/install/ur5_welder/lib/python3.8/site-packages'
[15.213s] INFO:colcon.colcon_core.shell:Creating package script '/home/taaniel/weld_ws/install/ur5_welder/share/ur5_welder/package.ps1'
[15.214s] INFO:colcon.colcon_core.shell:Creating package descriptor '/home/taaniel/weld_ws/install/ur5_welder/share/ur5_welder/package.dsv'
[15.215s] INFO:colcon.colcon_core.shell:Creating package script '/home/taaniel/weld_ws/install/ur5_welder/share/ur5_welder/package.sh'
[15.215s] INFO:colcon.colcon_core.shell:Creating package script '/home/taaniel/weld_ws/install/ur5_welder/share/ur5_welder/package.bash'
[15.216s] INFO:colcon.colcon_core.shell:Creating package script '/home/taaniel/weld_ws/install/ur5_welder/share/ur5_welder/package.zsh'
[15.216s] Level 1:colcon.colcon_core.environment:create_file_with_runtime_dependencies(/home/taaniel/weld_ws/install/ur5_welder/share/colcon-core/packages/ur5_welder)
[15.283s] Level 1:colcon.colcon_core.environment:create_environment_scripts_only(ur5_welder)
[15.291s] Level 1:colcon.colcon_core.environment:checking '/home/taaniel/weld_ws/install/ur5_welder' for CMake module files
[15.292s] Level 1:colcon.colcon_core.environment:checking '/home/taaniel/weld_ws/install/ur5_welder' for CMake config files
[15.292s] Level 1:colcon.colcon_core.shell:create_environment_hook('ur5_welder', 'cmake_prefix_path')
[15.299s] INFO:colcon.colcon_core.shell:Creating environment hook '/home/taaniel/weld_ws/install/ur5_welder/share/ur5_welder/hook/cmake_prefix_path.ps1'
[15.300s] INFO:colcon.colcon_core.shell:Creating environment descriptor '/home/taaniel/weld_ws/install/ur5_welder/share/ur5_welder/hook/cmake_prefix_path.dsv'
[15.301s] INFO:colcon.colcon_core.shell:Creating environment hook '/home/taaniel/weld_ws/install/ur5_welder/share/ur5_welder/hook/cmake_prefix_path.sh'
[15.301s] Level 1:colcon.colcon_core.environment:checking '/home/taaniel/weld_ws/install/ur5_welder/lib'
[15.302s] Level 1:colcon.colcon_core.environment:checking '/home/taaniel/weld_ws/install/ur5_welder/bin'
[15.302s] Level 1:colcon.colcon_core.environment:checking '/home/taaniel/weld_ws/install/ur5_welder/lib/pkgconfig/ur5_welder.pc'
[15.302s] Level 1:colcon.colcon_core.environment:checking '/home/taaniel/weld_ws/install/ur5_welder/lib/python3.8/site-packages'
[15.309s] INFO:colcon.colcon_core.shell:Creating package script '/home/taaniel/weld_ws/install/ur5_welder/share/ur5_welder/package.ps1'
[15.309s] INFO:colcon.colcon_core.shell:Creating package descriptor '/home/taaniel/weld_ws/install/ur5_welder/share/ur5_welder/package.dsv'
[15.310s] INFO:colcon.colcon_core.shell:Creating package script '/home/taaniel/weld_ws/install/ur5_welder/share/ur5_welder/package.sh'
[15.311s] INFO:colcon.colcon_core.shell:Creating package script '/home/taaniel/weld_ws/install/ur5_welder/share/ur5_welder/package.bash'
[15.311s] INFO:colcon.colcon_core.shell:Creating package script '/home/taaniel/weld_ws/install/ur5_welder/share/ur5_welder/package.zsh'
[15.312s] Level 1:colcon.colcon_core.environment:create_file_with_runtime_dependencies(/home/taaniel/weld_ws/install/ur5_welder/share/colcon-core/packages/ur5_welder)
[15.312s] DEBUG:colcon.colcon_parallel_executor.executor.parallel:closing loop
[15.313s] DEBUG:colcon.colcon_parallel_executor.executor.parallel:loop closed
[15.313s] DEBUG:colcon.colcon_parallel_executor.executor.parallel:run_until_complete finished with '0'
[15.314s] DEBUG:colcon.colcon_core.event_reactor:joining thread
[15.328s] INFO:colcon.colcon_core.plugin_system:Skipping extension 'colcon_notification.desktop_notification.terminal_notifier': Not used on non-Darwin systems
[15.329s] INFO:colcon.colcon_core.plugin_system:Skipping extension 'colcon_notification.desktop_notification.win32': Not used on non-Windows systems
[15.329s] INFO:colcon.colcon_notification.desktop_notification:Sending desktop notification using 'notify2'
[15.349s] DEBUG:colcon.colcon_core.event_reactor:joined thread
[15.359s] INFO:colcon.colcon_core.shell:Creating prefix script '/home/taaniel/weld_ws/install/local_setup.ps1'
[15.362s] INFO:colcon.colcon_core.shell:Creating prefix util module '/home/taaniel/weld_ws/install/_local_setup_util_ps1.py'
[15.364s] INFO:colcon.colcon_core.shell:Creating prefix chain script '/home/taaniel/weld_ws/install/setup.ps1'
[15.376s] INFO:colcon.colcon_core.shell:Creating prefix script '/home/taaniel/weld_ws/install/local_setup.sh'
[15.377s] INFO:colcon.colcon_core.shell:Creating prefix util module '/home/taaniel/weld_ws/install/_local_setup_util_sh.py'
[15.378s] INFO:colcon.colcon_core.shell:Creating prefix chain script '/home/taaniel/weld_ws/install/setup.sh'
[15.393s] INFO:colcon.colcon_core.shell:Creating prefix script '/home/taaniel/weld_ws/install/local_setup.bash'
[15.394s] INFO:colcon.colcon_core.shell:Creating prefix chain script '/home/taaniel/weld_ws/install/setup.bash'
[15.407s] INFO:colcon.colcon_core.shell:Creating prefix script '/home/taaniel/weld_ws/install/local_setup.zsh'
[15.408s] INFO:colcon.colcon_core.shell:Creating prefix chain script '/home/taaniel/weld_ws/install/setup.zsh'
