[0.083s] Invoking command in '/home/taaniel/weld_ws/build/run_moveit_cpp': CMAKE_PREFIX_PATH=${CMAKE_PREFIX_PATH}:/home/taaniel/workspace/ros_ur_driver/install/ros2controlcli:/home/taaniel/workspace/ros_ur_driver/install/ros2_control_test_nodes:/opt/ros/foxy /usr/bin/cmake --build /home/taaniel/weld_ws/build/run_moveit_cpp -- -j4 -l4
[0.295s] [100%] Built target run_moveit_cpp
[0.335s] Invoked command in '/home/taaniel/weld_ws/build/run_moveit_cpp' returned '0': CMAKE_PREFIX_PATH=${CMAKE_PREFIX_PATH}:/home/taaniel/workspace/ros_ur_driver/install/ros2controlcli:/home/taaniel/workspace/ros_ur_driver/install/ros2_control_test_nodes:/opt/ros/foxy /usr/bin/cmake --build /home/taaniel/weld_ws/build/run_moveit_cpp -- -j4 -l4
[0.535s] Invoking command in '/home/taaniel/weld_ws/build/run_moveit_cpp': CMAKE_PREFIX_PATH=${CMAKE_PREFIX_PATH}:/home/taaniel/workspace/ros_ur_driver/install/ros2controlcli:/home/taaniel/workspace/ros_ur_driver/install/ros2_control_test_nodes:/opt/ros/foxy /usr/bin/cmake --install /home/taaniel/weld_ws/build/run_moveit_cpp
[0.581s] -- Install configuration: "Release"
[0.583s] -- Up-to-date: /home/taaniel/weld_ws/install/run_moveit_cpp/lib/run_moveit_cpp/run_moveit_cpp
[0.583s] -- Up-to-date: /home/taaniel/weld_ws/install/run_moveit_cpp/share/run_moveit_cpp/launch
[0.583s] -- Up-to-date: /home/taaniel/weld_ws/install/run_moveit_cpp/share/run_moveit_cpp/launch/run_moveit_cpp.launch.py
[0.584s] -- Up-to-date: /home/taaniel/weld_ws/install/run_moveit_cpp/share/run_moveit_cpp/launch/run_moveit_cpp.rviz
[0.584s] -- Up-to-date: /home/taaniel/weld_ws/install/run_moveit_cpp/share/run_moveit_cpp/config
[0.585s] -- Up-to-date: /home/taaniel/weld_ws/install/run_moveit_cpp/share/run_moveit_cpp/config/moveit_cpp.yaml
[0.585s] -- Up-to-date: /home/taaniel/weld_ws/install/run_moveit_cpp/share/run_moveit_cpp/config/fake_controllers.yaml
[0.587s] -- Up-to-date: /home/taaniel/weld_ws/install/run_moveit_cpp/share/run_moveit_cpp/config/start_positions.yaml
[0.588s] -- Up-to-date: /home/taaniel/weld_ws/install/run_moveit_cpp/share/run_moveit_cpp/config/panda_controllers.yaml
[0.589s] -- Up-to-date: /home/taaniel/weld_ws/install/run_moveit_cpp/share/ament_index/resource_index/package_run_dependencies/run_moveit_cpp
[0.593s] -- Up-to-date: /home/taaniel/weld_ws/install/run_moveit_cpp/share/ament_index/resource_index/parent_prefix_path/run_moveit_cpp
[0.593s] -- Up-to-date: /home/taaniel/weld_ws/install/run_moveit_cpp/share/run_moveit_cpp/environment/ament_prefix_path.sh
[0.594s] -- Up-to-date: /home/taaniel/weld_ws/install/run_moveit_cpp/share/run_moveit_cpp/environment/ament_prefix_path.dsv
[0.594s] -- Up-to-date: /home/taaniel/weld_ws/install/run_moveit_cpp/share/run_moveit_cpp/environment/path.sh
[0.595s] -- Up-to-date: /home/taaniel/weld_ws/install/run_moveit_cpp/share/run_moveit_cpp/environment/path.dsv
[0.595s] -- Up-to-date: /home/taaniel/weld_ws/install/run_moveit_cpp/share/run_moveit_cpp/local_setup.bash
[0.610s] -- Up-to-date: /home/taaniel/weld_ws/install/run_moveit_cpp/share/run_moveit_cpp/local_setup.sh
[0.610s] -- Up-to-date: /home/taaniel/weld_ws/install/run_moveit_cpp/share/run_moveit_cpp/local_setup.zsh
[0.610s] -- Up-to-date: /home/taaniel/weld_ws/install/run_moveit_cpp/share/run_moveit_cpp/local_setup.dsv
[0.610s] -- Installing: /home/taaniel/weld_ws/install/run_moveit_cpp/share/run_moveit_cpp/package.dsv
[0.610s] -- Up-to-date: /home/taaniel/weld_ws/install/run_moveit_cpp/share/ament_index/resource_index/packages/run_moveit_cpp
[0.611s] -- Up-to-date: /home/taaniel/weld_ws/install/run_moveit_cpp/share/run_moveit_cpp/cmake/export_run_moveit_cppExport.cmake
[0.611s] -- Up-to-date: /home/taaniel/weld_ws/install/run_moveit_cpp/share/run_moveit_cpp/cmake/export_run_moveit_cppExport-release.cmake
[0.611s] -- Up-to-date: /home/taaniel/weld_ws/install/run_moveit_cpp/share/run_moveit_cpp/cmake/ament_cmake_export_targets-extras.cmake
[0.616s] -- Up-to-date: /home/taaniel/weld_ws/install/run_moveit_cpp/share/run_moveit_cpp/cmake/run_moveit_cppConfig.cmake
[0.616s] -- Up-to-date: /home/taaniel/weld_ws/install/run_moveit_cpp/share/run_moveit_cpp/cmake/run_moveit_cppConfig-version.cmake
[0.617s] -- Up-to-date: /home/taaniel/weld_ws/install/run_moveit_cpp/share/run_moveit_cpp/package.xml
[0.617s] Invoked command in '/home/taaniel/weld_ws/build/run_moveit_cpp' returned '0': CMAKE_PREFIX_PATH=${CMAKE_PREFIX_PATH}:/home/taaniel/workspace/ros_ur_driver/install/ros2controlcli:/home/taaniel/workspace/ros_ur_driver/install/ros2_control_test_nodes:/opt/ros/foxy /usr/bin/cmake --install /home/taaniel/weld_ws/build/run_moveit_cpp
