[0.089s] Invoking command in '/home/taaniel/weld_ws/build/run_moveit_cpp': CMAKE_PREFIX_PATH=${CMAKE_PREFIX_PATH}:/home/taaniel/workspace/ros_ur_driver/install/ros2controlcli:/home/taaniel/workspace/ros_ur_driver/install/ros2_control_test_nodes:/opt/ros/foxy /usr/bin/cmake /home/taaniel/weld_ws/src/run_moveit_cpp -DCMAKE_INSTALL_PREFIX=/home/taaniel/weld_ws/install/run_moveit_cpp
[0.219s] -- The C compiler identification is GNU 9.3.0
[0.359s] -- The CXX compiler identification is GNU 9.3.0
[0.374s] -- Check for working C compiler: /usr/bin/cc
[0.576s] -- Check for working C compiler: /usr/bin/cc -- works
[0.576s] -- Detecting C compiler ABI info
[0.757s] -- Detecting C compiler ABI info - done
[0.779s] -- Detecting C compile features
[0.780s] -- Detecting C compile features - done
[0.784s] -- Check for working CXX compiler: /usr/bin/c++
[0.952s] -- Check for working CXX compiler: /usr/bin/c++ -- works
[0.953s] -- Detecting CXX compiler ABI info
[1.116s] -- Detecting CXX compiler ABI info - done
[1.136s] -- Detecting CXX compile features
[1.136s] -- Detecting CXX compile features - done
[1.144s] -- Found moveit_common: 2.2.1 (/home/taaniel/workspace/ros_ur_driver/install/moveit_common/share/moveit_common/cmake)
[1.156s] -- Found ament_cmake: 0.9.9 (/opt/ros/foxy/share/ament_cmake/cmake)
[1.233s] -- Found PythonInterp: /usr/bin/python3 (found suitable version "3.8.10", minimum required is "3") 
[1.233s] -- Using PYTHON_EXECUTABLE: /usr/bin/python3
[1.883s] run_moveit_cpp: You did not request a specific build type: Choosing 'Release' for maximum performance
[1.886s] -- Found moveit_ros_planning_interface: 2.2.1 (/home/taaniel/workspace/ros_ur_driver/install/moveit_ros_planning_interface/share/moveit_ros_planning_interface/cmake)
[1.920s] -- Found Boost: /usr/lib/x86_64-linux-gnu/cmake/Boost-1.71.0/BoostConfig.cmake (found version "1.71.0")  
[2.684s] -- Found Boost: /usr/lib/x86_64-linux-gnu/cmake/Boost-1.71.0/BoostConfig.cmake (found version "1.71.0") found components: date_time filesystem program_options system thread 
[2.830s] -- Using all available rosidl_typesupport_c: rosidl_typesupport_fastrtps_c;rosidl_typesupport_introspection_c
[2.875s] -- Found rosidl_adapter: 1.2.1 (/opt/ros/foxy/share/rosidl_adapter/cmake)
[3.121s] -- Found OpenSSL: /usr/lib/x86_64-linux-gnu/libcrypto.so (found version "1.1.1f")  
[3.189s] -- Found FastRTPS: /opt/ros/foxy/include  
[3.394s] -- Using all available rosidl_typesupport_cpp: rosidl_typesupport_fastrtps_cpp;rosidl_typesupport_introspection_cpp
[6.100s] -- Found Boost: /usr/lib/x86_64-linux-gnu/cmake/Boost-1.71.0/BoostConfig.cmake (found version "1.71.0") found components: chrono date_time filesystem iostreams program_options regex serialization system thread 
[6.410s] -- Found rmw_implementation_cmake: 1.0.3 (/opt/ros/foxy/share/rmw_implementation_cmake/cmake)
[6.421s] -- Using RMW implementation 'rmw_fastrtps_cpp' as default
[6.423s] -- Found Threads: TRUE  
[6.948s] -- library: /usr/lib/x86_64-linux-gnu/libcurl.so
[7.174s] -- Found Eigen3: TRUE (found version "3.3.7") 
[8.765s] -- Found Boost: /usr/lib/x86_64-linux-gnu/cmake/Boost-1.71.0/BoostConfig.cmake (found version "1.71.0") found components: system filesystem date_time program_options thread chrono 
[9.266s] -- Found Boost: /usr/lib/x86_64-linux-gnu/cmake/Boost-1.71.0/BoostConfig.cmake (found version "1.71.0") found components: thread 
[10.592s] -- Found Boost: /usr/lib/x86_64-linux-gnu/cmake/Boost-1.71.0/BoostConfig.cmake (found version "1.71.0") found components: thread system filesystem regex date_time program_options 
[11.288s] -- Found Boost: /usr/lib/x86_64-linux-gnu/cmake/Boost-1.71.0/BoostConfig.cmake (found version "1.71.0") found components: system filesystem date_time program_options thread 
[12.417s] -- Found Boost: /usr/lib/x86_64-linux-gnu/cmake/Boost-1.71.0/BoostConfig.cmake (found version "1.71.0") found components: system 
[12.437s] -- Found ament_lint_auto: 0.9.6 (/opt/ros/foxy/share/ament_lint_auto/cmake)
[12.510s] -- Added test 'cppcheck' to perform static code analysis on C / C++ code
[12.510s] -- Configured cppcheck include dirs: 
[12.510s] -- Configured cppcheck exclude dirs and/or files: 
[12.513s] -- Added test 'lint_cmake' to check CMake code style
[12.516s] -- Added test 'pep257' to check Python code against some of the style conventions in PEP 257
[12.518s] -- Added test 'xmllint' to check XML markup files
[12.529s] -- Configuring done
[12.631s] -- Generating done
[12.635s] -- Build files have been written to: /home/taaniel/weld_ws/build/run_moveit_cpp
[12.662s] Invoked command in '/home/taaniel/weld_ws/build/run_moveit_cpp' returned '0': CMAKE_PREFIX_PATH=${CMAKE_PREFIX_PATH}:/home/taaniel/workspace/ros_ur_driver/install/ros2controlcli:/home/taaniel/workspace/ros_ur_driver/install/ros2_control_test_nodes:/opt/ros/foxy /usr/bin/cmake /home/taaniel/weld_ws/src/run_moveit_cpp -DCMAKE_INSTALL_PREFIX=/home/taaniel/weld_ws/install/run_moveit_cpp
[12.664s] Invoking command in '/home/taaniel/weld_ws/build/run_moveit_cpp': CMAKE_PREFIX_PATH=${CMAKE_PREFIX_PATH}:/home/taaniel/workspace/ros_ur_driver/install/ros2controlcli:/home/taaniel/workspace/ros_ur_driver/install/ros2_control_test_nodes:/opt/ros/foxy /usr/bin/cmake --build /home/taaniel/weld_ws/build/run_moveit_cpp -- -j4 -l4
[12.769s] [35m[1mScanning dependencies of target run_moveit_cpp[0m
[13.018s] [ 50%] [32mBuilding CXX object CMakeFiles/run_moveit_cpp.dir/src/run_moveit_cpp.cpp.o[0m
[35.465s] [100%] [32m[1mLinking CXX executable run_moveit_cpp[0m
[36.461s] [100%] Built target run_moveit_cpp
[36.487s] Invoked command in '/home/taaniel/weld_ws/build/run_moveit_cpp' returned '0': CMAKE_PREFIX_PATH=${CMAKE_PREFIX_PATH}:/home/taaniel/workspace/ros_ur_driver/install/ros2controlcli:/home/taaniel/workspace/ros_ur_driver/install/ros2_control_test_nodes:/opt/ros/foxy /usr/bin/cmake --build /home/taaniel/weld_ws/build/run_moveit_cpp -- -j4 -l4
[36.560s] Invoking command in '/home/taaniel/weld_ws/build/run_moveit_cpp': CMAKE_PREFIX_PATH=${CMAKE_PREFIX_PATH}:/home/taaniel/workspace/ros_ur_driver/install/ros2controlcli:/home/taaniel/workspace/ros_ur_driver/install/ros2_control_test_nodes:/opt/ros/foxy /usr/bin/cmake --install /home/taaniel/weld_ws/build/run_moveit_cpp
[36.582s] -- Install configuration: "Release"
[36.586s] -- Installing: /home/taaniel/weld_ws/install/run_moveit_cpp/lib/run_moveit_cpp/run_moveit_cpp
[36.587s] -- Set runtime path of "/home/taaniel/weld_ws/install/run_moveit_cpp/lib/run_moveit_cpp/run_moveit_cpp" to ""
[36.587s] -- Installing: /home/taaniel/weld_ws/install/run_moveit_cpp/share/run_moveit_cpp/launch
[36.587s] -- Installing: /home/taaniel/weld_ws/install/run_moveit_cpp/share/run_moveit_cpp/launch/run_moveit_cpp.launch.py
[36.588s] -- Installing: /home/taaniel/weld_ws/install/run_moveit_cpp/share/run_moveit_cpp/launch/run_moveit_cpp.rviz
[36.588s] -- Installing: /home/taaniel/weld_ws/install/run_moveit_cpp/share/run_moveit_cpp/config
[36.588s] -- Installing: /home/taaniel/weld_ws/install/run_moveit_cpp/share/run_moveit_cpp/config/moveit_cpp.yaml
[36.588s] -- Installing: /home/taaniel/weld_ws/install/run_moveit_cpp/share/run_moveit_cpp/config/fake_controllers.yaml
[36.588s] -- Installing: /home/taaniel/weld_ws/install/run_moveit_cpp/share/run_moveit_cpp/config/start_positions.yaml
[36.588s] -- Installing: /home/taaniel/weld_ws/install/run_moveit_cpp/share/run_moveit_cpp/config/panda_controllers.yaml
[36.589s] -- Installing: /home/taaniel/weld_ws/install/run_moveit_cpp/share/ament_index/resource_index/package_run_dependencies/run_moveit_cpp
[36.589s] -- Installing: /home/taaniel/weld_ws/install/run_moveit_cpp/share/ament_index/resource_index/parent_prefix_path/run_moveit_cpp
[36.589s] -- Installing: /home/taaniel/weld_ws/install/run_moveit_cpp/share/run_moveit_cpp/environment/ament_prefix_path.sh
[36.589s] -- Installing: /home/taaniel/weld_ws/install/run_moveit_cpp/share/run_moveit_cpp/environment/ament_prefix_path.dsv
[36.589s] -- Installing: /home/taaniel/weld_ws/install/run_moveit_cpp/share/run_moveit_cpp/environment/path.sh
[36.590s] -- Installing: /home/taaniel/weld_ws/install/run_moveit_cpp/share/run_moveit_cpp/environment/path.dsv
[36.590s] -- Installing: /home/taaniel/weld_ws/install/run_moveit_cpp/share/run_moveit_cpp/local_setup.bash
[36.592s] -- Installing: /home/taaniel/weld_ws/install/run_moveit_cpp/share/run_moveit_cpp/local_setup.sh
[36.598s] -- Installing: /home/taaniel/weld_ws/install/run_moveit_cpp/share/run_moveit_cpp/local_setup.zsh
[36.603s] -- Installing: /home/taaniel/weld_ws/install/run_moveit_cpp/share/run_moveit_cpp/local_setup.dsv
[36.604s] -- Installing: /home/taaniel/weld_ws/install/run_moveit_cpp/share/run_moveit_cpp/package.dsv
[36.604s] -- Installing: /home/taaniel/weld_ws/install/run_moveit_cpp/share/ament_index/resource_index/packages/run_moveit_cpp
[36.604s] -- Installing: /home/taaniel/weld_ws/install/run_moveit_cpp/share/run_moveit_cpp/cmake/export_run_moveit_cppExport.cmake
[36.604s] -- Installing: /home/taaniel/weld_ws/install/run_moveit_cpp/share/run_moveit_cpp/cmake/export_run_moveit_cppExport-release.cmake
[36.605s] -- Installing: /home/taaniel/weld_ws/install/run_moveit_cpp/share/run_moveit_cpp/cmake/ament_cmake_export_targets-extras.cmake
[36.605s] -- Installing: /home/taaniel/weld_ws/install/run_moveit_cpp/share/run_moveit_cpp/cmake/run_moveit_cppConfig.cmake
[36.605s] -- Installing: /home/taaniel/weld_ws/install/run_moveit_cpp/share/run_moveit_cpp/cmake/run_moveit_cppConfig-version.cmake
[36.605s] -- Installing: /home/taaniel/weld_ws/install/run_moveit_cpp/share/run_moveit_cpp/package.xml
[36.606s] Invoked command in '/home/taaniel/weld_ws/build/run_moveit_cpp' returned '0': CMAKE_PREFIX_PATH=${CMAKE_PREFIX_PATH}:/home/taaniel/workspace/ros_ur_driver/install/ros2controlcli:/home/taaniel/workspace/ros_ur_driver/install/ros2_control_test_nodes:/opt/ros/foxy /usr/bin/cmake --install /home/taaniel/weld_ws/build/run_moveit_cpp
