[0.755s] DEBUG:colcon:Command line arguments: ['/home/taaniel/.local/bin/colcon', 'build']
[0.755s] DEBUG:colcon:Parsed command line arguments: Namespace(ament_cmake_args=None, base_paths=['.'], build_base='build', catkin_cmake_args=None, catkin_skip_building_tests=False, cmake_args=None, cmake_clean_cache=False, cmake_clean_first=False, cmake_force_configure=False, cmake_target=None, cmake_target_skip_unavailable=False, continue_on_error=False, event_handlers=None, executor='parallel', ignore_user_meta=False, install_base='install', log_base=None, log_level=None, main=<bound method BuildVerb.main of <colcon_core.verb.build.BuildVerb object at 0x7f586ae4cca0>>, merge_install=False, metas=['./colcon.meta'], mixin=None, mixin_files=None, mixin_verb=('build',), packages_above=None, packages_above_and_dependencies=None, packages_above_depth=None, packages_end=None, packages_ignore=None, packages_ignore_regex=None, packages_select=None, packages_select_build_failed=False, packages_select_by_dep=None, packages_select_regex=None, packages_select_test_failures=False, packages_skip=None, packages_skip_build_finished=False, packages_skip_by_dep=None, packages_skip_regex=None, packages_skip_test_passed=False, packages_skip_up_to=None, packages_start=None, packages_up_to=None, packages_up_to_regex=None, parallel_workers=4, paths=None, symlink_install=False, test_result_base=None, verb_extension=<colcon_core.verb.build.BuildVerb object at 0x7f586ae4cca0>, verb_name='build', verb_parser=<colcon_mixin.mixin.mixin_argument.MixinArgumentDecorator object at 0x7f586ad1e430>)
[0.775s] Level 1:colcon.colcon_core.package_discovery:discover_packages(colcon_meta) check parameters
[0.775s] Level 1:colcon.colcon_core.package_discovery:discover_packages(recursive) check parameters
[0.775s] Level 1:colcon.colcon_core.package_discovery:discover_packages(ignore) check parameters
[0.775s] Level 1:colcon.colcon_core.package_discovery:discover_packages(path) check parameters
[0.775s] Level 1:colcon.colcon_core.package_discovery:discover_packages(colcon_meta) discover
[0.775s] Level 1:colcon.colcon_core.package_discovery:discover_packages(recursive) discover
[0.775s] INFO:colcon.colcon_core.package_discovery:Crawling recursively for packages in '/home/taaniel/weld_ws'
[0.776s] Level 1:colcon.colcon_core.package_identification:_identify(.) by extensions ['ignore', 'ignore_ament_install']
[0.776s] Level 1:colcon.colcon_core.package_identification:_identify(.) by extension 'ignore'
[0.776s] Level 1:colcon.colcon_core.package_identification:_identify(.) by extension 'ignore_ament_install'
[0.776s] Level 1:colcon.colcon_core.package_identification:_identify(.) by extensions ['colcon_pkg']
[0.776s] Level 1:colcon.colcon_core.package_identification:_identify(.) by extension 'colcon_pkg'
[0.776s] Level 1:colcon.colcon_core.package_identification:_identify(.) by extensions ['colcon_meta']
[0.776s] Level 1:colcon.colcon_core.package_identification:_identify(.) by extension 'colcon_meta'
[0.776s] Level 1:colcon.colcon_core.package_identification:_identify(.) by extensions ['ros']
[0.776s] Level 1:colcon.colcon_core.package_identification:_identify(.) by extension 'ros'
[0.793s] Level 1:colcon.colcon_core.package_identification:_identify(.) by extensions ['cmake', 'python']
[0.793s] Level 1:colcon.colcon_core.package_identification:_identify(.) by extension 'cmake'
[0.793s] Level 1:colcon.colcon_core.package_identification:_identify(.) by extension 'python'
[0.793s] Level 1:colcon.colcon_core.package_identification:_identify(.) by extensions ['python_setup_py']
[0.793s] Level 1:colcon.colcon_core.package_identification:_identify(.) by extension 'python_setup_py'
[0.794s] Level 1:colcon.colcon_core.package_identification:_identify(build) by extensions ['ignore', 'ignore_ament_install']
[0.794s] Level 1:colcon.colcon_core.package_identification:_identify(build) by extension 'ignore'
[0.794s] Level 1:colcon.colcon_core.package_identification:_identify(build) ignored
[0.794s] Level 1:colcon.colcon_core.package_identification:_identify(install) by extensions ['ignore', 'ignore_ament_install']
[0.794s] Level 1:colcon.colcon_core.package_identification:_identify(install) by extension 'ignore'
[0.794s] Level 1:colcon.colcon_core.package_identification:_identify(install) ignored
[0.794s] Level 1:colcon.colcon_core.package_identification:_identify(log) by extensions ['ignore', 'ignore_ament_install']
[0.795s] Level 1:colcon.colcon_core.package_identification:_identify(log) by extension 'ignore'
[0.795s] Level 1:colcon.colcon_core.package_identification:_identify(log) ignored
[0.795s] Level 1:colcon.colcon_core.package_identification:_identify(src) by extensions ['ignore', 'ignore_ament_install']
[0.795s] Level 1:colcon.colcon_core.package_identification:_identify(src) by extension 'ignore'
[0.795s] Level 1:colcon.colcon_core.package_identification:_identify(src) by extension 'ignore_ament_install'
[0.795s] Level 1:colcon.colcon_core.package_identification:_identify(src) by extensions ['colcon_pkg']
[0.795s] Level 1:colcon.colcon_core.package_identification:_identify(src) by extension 'colcon_pkg'
[0.795s] Level 1:colcon.colcon_core.package_identification:_identify(src) by extensions ['colcon_meta']
[0.795s] Level 1:colcon.colcon_core.package_identification:_identify(src) by extension 'colcon_meta'
[0.795s] Level 1:colcon.colcon_core.package_identification:_identify(src) by extensions ['ros']
[0.795s] Level 1:colcon.colcon_core.package_identification:_identify(src) by extension 'ros'
[0.796s] Level 1:colcon.colcon_core.package_identification:_identify(src) by extensions ['cmake', 'python']
[0.796s] Level 1:colcon.colcon_core.package_identification:_identify(src) by extension 'cmake'
[0.796s] Level 1:colcon.colcon_core.package_identification:_identify(src) by extension 'python'
[0.796s] Level 1:colcon.colcon_core.package_identification:_identify(src) by extensions ['python_setup_py']
[0.796s] Level 1:colcon.colcon_core.package_identification:_identify(src) by extension 'python_setup_py'
[0.796s] Level 1:colcon.colcon_core.package_identification:_identify(src/run_moveit_cpp) by extensions ['ignore', 'ignore_ament_install']
[0.796s] Level 1:colcon.colcon_core.package_identification:_identify(src/run_moveit_cpp) by extension 'ignore'
[0.796s] Level 1:colcon.colcon_core.package_identification:_identify(src/run_moveit_cpp) by extension 'ignore_ament_install'
[0.796s] Level 1:colcon.colcon_core.package_identification:_identify(src/run_moveit_cpp) by extensions ['colcon_pkg']
[0.796s] Level 1:colcon.colcon_core.package_identification:_identify(src/run_moveit_cpp) by extension 'colcon_pkg'
[0.796s] Level 1:colcon.colcon_core.package_identification:_identify(src/run_moveit_cpp) by extensions ['colcon_meta']
[0.796s] Level 1:colcon.colcon_core.package_identification:_identify(src/run_moveit_cpp) by extension 'colcon_meta'
[0.797s] Level 1:colcon.colcon_core.package_identification:_identify(src/run_moveit_cpp) by extensions ['ros']
[0.797s] Level 1:colcon.colcon_core.package_identification:_identify(src/run_moveit_cpp) by extension 'ros'
[0.800s] DEBUG:colcon.colcon_core.package_identification:Package 'src/run_moveit_cpp' with type 'ros.ament_cmake' and name 'run_moveit_cpp'
[0.800s] Level 1:colcon.colcon_core.package_identification:_identify(src/ur5_welder) by extensions ['ignore', 'ignore_ament_install']
[0.800s] Level 1:colcon.colcon_core.package_identification:_identify(src/ur5_welder) by extension 'ignore'
[0.800s] Level 1:colcon.colcon_core.package_identification:_identify(src/ur5_welder) by extension 'ignore_ament_install'
[0.801s] Level 1:colcon.colcon_core.package_identification:_identify(src/ur5_welder) by extensions ['colcon_pkg']
[0.801s] Level 1:colcon.colcon_core.package_identification:_identify(src/ur5_welder) by extension 'colcon_pkg'
[0.801s] Level 1:colcon.colcon_core.package_identification:_identify(src/ur5_welder) by extensions ['colcon_meta']
[0.801s] Level 1:colcon.colcon_core.package_identification:_identify(src/ur5_welder) by extension 'colcon_meta'
[0.801s] Level 1:colcon.colcon_core.package_identification:_identify(src/ur5_welder) by extensions ['ros']
[0.801s] Level 1:colcon.colcon_core.package_identification:_identify(src/ur5_welder) by extension 'ros'
[0.802s] DEBUG:colcon.colcon_core.package_identification:Package 'src/ur5_welder' with type 'ros.ament_cmake' and name 'ur5_welder'
[0.802s] Level 1:colcon.colcon_core.package_discovery:discover_packages(recursive) using defaults
[0.802s] Level 1:colcon.colcon_core.package_discovery:discover_packages(ignore) discover
[0.802s] Level 1:colcon.colcon_core.package_discovery:discover_packages(ignore) using defaults
[0.802s] Level 1:colcon.colcon_core.package_discovery:discover_packages(path) discover
[0.802s] Level 1:colcon.colcon_core.package_discovery:discover_packages(path) using defaults
[0.859s] Level 5:colcon.colcon_core.verb:set package 'run_moveit_cpp' build argument 'cmake_args' from command line to 'None'
[0.859s] Level 5:colcon.colcon_core.verb:set package 'run_moveit_cpp' build argument 'cmake_target' from command line to 'None'
[0.859s] Level 5:colcon.colcon_core.verb:set package 'run_moveit_cpp' build argument 'cmake_target_skip_unavailable' from command line to 'False'
[0.859s] Level 5:colcon.colcon_core.verb:set package 'run_moveit_cpp' build argument 'cmake_clean_cache' from command line to 'False'
[0.859s] Level 5:colcon.colcon_core.verb:set package 'run_moveit_cpp' build argument 'cmake_clean_first' from command line to 'False'
[0.859s] Level 5:colcon.colcon_core.verb:set package 'run_moveit_cpp' build argument 'cmake_force_configure' from command line to 'False'
[0.859s] Level 5:colcon.colcon_core.verb:set package 'run_moveit_cpp' build argument 'ament_cmake_args' from command line to 'None'
[0.859s] Level 5:colcon.colcon_core.verb:set package 'run_moveit_cpp' build argument 'catkin_cmake_args' from command line to 'None'
[0.859s] Level 5:colcon.colcon_core.verb:set package 'run_moveit_cpp' build argument 'catkin_skip_building_tests' from command line to 'False'
[0.860s] DEBUG:colcon.colcon_core.verb:Building package 'run_moveit_cpp' with the following arguments: {'ament_cmake_args': None, 'build_base': '/home/taaniel/weld_ws/build/run_moveit_cpp', 'catkin_cmake_args': None, 'catkin_skip_building_tests': False, 'cmake_args': None, 'cmake_clean_cache': False, 'cmake_clean_first': False, 'cmake_force_configure': False, 'cmake_target': None, 'cmake_target_skip_unavailable': False, 'install_base': '/home/taaniel/weld_ws/install/run_moveit_cpp', 'merge_install': False, 'path': '/home/taaniel/weld_ws/src/run_moveit_cpp', 'symlink_install': False, 'test_result_base': None}
[0.869s] Level 5:colcon.colcon_core.verb:set package 'ur5_welder' build argument 'cmake_args' from command line to 'None'
[0.869s] Level 5:colcon.colcon_core.verb:set package 'ur5_welder' build argument 'cmake_target' from command line to 'None'
[0.869s] Level 5:colcon.colcon_core.verb:set package 'ur5_welder' build argument 'cmake_target_skip_unavailable' from command line to 'False'
[0.869s] Level 5:colcon.colcon_core.verb:set package 'ur5_welder' build argument 'cmake_clean_cache' from command line to 'False'
[0.870s] Level 5:colcon.colcon_core.verb:set package 'ur5_welder' build argument 'cmake_clean_first' from command line to 'False'
[0.870s] Level 5:colcon.colcon_core.verb:set package 'ur5_welder' build argument 'cmake_force_configure' from command line to 'False'
[0.870s] Level 5:colcon.colcon_core.verb:set package 'ur5_welder' build argument 'ament_cmake_args' from command line to 'None'
[0.870s] Level 5:colcon.colcon_core.verb:set package 'ur5_welder' build argument 'catkin_cmake_args' from command line to 'None'
[0.870s] Level 5:colcon.colcon_core.verb:set package 'ur5_welder' build argument 'catkin_skip_building_tests' from command line to 'False'
[0.870s] DEBUG:colcon.colcon_core.verb:Building package 'ur5_welder' with the following arguments: {'ament_cmake_args': None, 'build_base': '/home/taaniel/weld_ws/build/ur5_welder', 'catkin_cmake_args': None, 'catkin_skip_building_tests': False, 'cmake_args': None, 'cmake_clean_cache': False, 'cmake_clean_first': False, 'cmake_force_configure': False, 'cmake_target': None, 'cmake_target_skip_unavailable': False, 'install_base': '/home/taaniel/weld_ws/install/ur5_welder', 'merge_install': False, 'path': '/home/taaniel/weld_ws/src/ur5_welder', 'symlink_install': False, 'test_result_base': None}
[0.872s] INFO:colcon.colcon_core.executor:Executing jobs using 'parallel' executor
[0.892s] DEBUG:colcon.colcon_parallel_executor.executor.parallel:run_until_complete
[0.893s] INFO:colcon.colcon_ros.task.ament_cmake.build:Building ROS package in '/home/taaniel/weld_ws/src/run_moveit_cpp' with build type 'ament_cmake'
[0.893s] INFO:colcon.colcon_cmake.task.cmake.build:Building CMake package in '/home/taaniel/weld_ws/src/run_moveit_cpp'
[0.908s] INFO:colcon.colcon_core.plugin_system:Skipping extension 'colcon_core.shell.bat': Not used on non-Windows systems
[0.908s] INFO:colcon.colcon_core.shell:Skip shell extension 'powershell' for command environment: Not usable outside of PowerShell
[0.908s] DEBUG:colcon.colcon_core.shell:Skip shell extension 'dsv' for command environment
[0.923s] DEBUG:colcon.colcon_core.shell:Ignoring prefix path '/opt/ros/foxy'
[0.928s] INFO:colcon.colcon_ros.task.ament_cmake.build:Building ROS package in '/home/taaniel/weld_ws/src/ur5_welder' with build type 'ament_cmake'
[0.928s] INFO:colcon.colcon_cmake.task.cmake.build:Building CMake package in '/home/taaniel/weld_ws/src/ur5_welder'
[0.937s] INFO:colcon.colcon_core.shell:Skip shell extension 'powershell' for command environment: Not usable outside of PowerShell
[0.937s] DEBUG:colcon.colcon_core.shell:Skip shell extension 'dsv' for command environment
[0.949s] DEBUG:colcon.colcon_core.shell:Ignoring prefix path '/opt/ros/foxy'
[0.964s] DEBUG:colcon.colcon_core.event_handler.log_command:Invoking command in '/home/taaniel/weld_ws/build/run_moveit_cpp': CMAKE_PREFIX_PATH=${CMAKE_PREFIX_PATH}:/home/taaniel/workspace/ros_ur_driver/install/ros2controlcli:/home/taaniel/workspace/ros_ur_driver/install/ros2_control_test_nodes:/opt/ros/foxy /usr/bin/cmake --build /home/taaniel/weld_ws/build/run_moveit_cpp -- -j4 -l4
[0.978s] DEBUG:colcon.colcon_core.event_handler.log_command:Invoking command in '/home/taaniel/weld_ws/build/ur5_welder': CMAKE_PREFIX_PATH=${CMAKE_PREFIX_PATH}:/home/taaniel/workspace/ros_ur_driver/install/ros2controlcli:/home/taaniel/workspace/ros_ur_driver/install/ros2_control_test_nodes:/opt/ros/foxy /usr/bin/cmake --build /home/taaniel/weld_ws/build/ur5_welder -- -j4 -l4
[1.162s] DEBUG:colcon.colcon_core.event_handler.log_command:Invoked command in '/home/taaniel/weld_ws/build/run_moveit_cpp' returned '0': CMAKE_PREFIX_PATH=${CMAKE_PREFIX_PATH}:/home/taaniel/workspace/ros_ur_driver/install/ros2controlcli:/home/taaniel/workspace/ros_ur_driver/install/ros2_control_test_nodes:/opt/ros/foxy /usr/bin/cmake --build /home/taaniel/weld_ws/build/run_moveit_cpp -- -j4 -l4
[1.289s] DEBUG:colcon.colcon_core.event_handler.log_command:Invoking command in '/home/taaniel/weld_ws/build/run_moveit_cpp': CMAKE_PREFIX_PATH=${CMAKE_PREFIX_PATH}:/home/taaniel/workspace/ros_ur_driver/install/ros2controlcli:/home/taaniel/workspace/ros_ur_driver/install/ros2_control_test_nodes:/opt/ros/foxy /usr/bin/cmake --install /home/taaniel/weld_ws/build/run_moveit_cpp
[1.337s] Level 1:colcon.colcon_core.environment:create_environment_scripts_only(run_moveit_cpp)
[1.349s] DEBUG:colcon.colcon_core.event_handler.log_command:Invoked command in '/home/taaniel/weld_ws/build/run_moveit_cpp' returned '0': CMAKE_PREFIX_PATH=${CMAKE_PREFIX_PATH}:/home/taaniel/workspace/ros_ur_driver/install/ros2controlcli:/home/taaniel/workspace/ros_ur_driver/install/ros2_control_test_nodes:/opt/ros/foxy /usr/bin/cmake --install /home/taaniel/weld_ws/build/run_moveit_cpp
[1.366s] Level 1:colcon.colcon_core.environment:checking '/home/taaniel/weld_ws/install/run_moveit_cpp' for CMake module files
[1.367s] Level 1:colcon.colcon_core.environment:checking '/home/taaniel/weld_ws/install/run_moveit_cpp' for CMake config files
[1.368s] Level 1:colcon.colcon_core.shell:create_environment_hook('run_moveit_cpp', 'cmake_prefix_path')
[1.377s] INFO:colcon.colcon_core.shell:Creating environment hook '/home/taaniel/weld_ws/install/run_moveit_cpp/share/run_moveit_cpp/hook/cmake_prefix_path.ps1'
[1.378s] INFO:colcon.colcon_core.shell:Creating environment descriptor '/home/taaniel/weld_ws/install/run_moveit_cpp/share/run_moveit_cpp/hook/cmake_prefix_path.dsv'
[1.380s] INFO:colcon.colcon_core.shell:Creating environment hook '/home/taaniel/weld_ws/install/run_moveit_cpp/share/run_moveit_cpp/hook/cmake_prefix_path.sh'
[1.382s] Level 1:colcon.colcon_core.environment:checking '/home/taaniel/weld_ws/install/run_moveit_cpp/lib'
[1.383s] Level 1:colcon.colcon_core.environment:checking '/home/taaniel/weld_ws/install/run_moveit_cpp/bin'
[1.383s] Level 1:colcon.colcon_core.environment:checking '/home/taaniel/weld_ws/install/run_moveit_cpp/lib/pkgconfig/run_moveit_cpp.pc'
[1.383s] Level 1:colcon.colcon_core.environment:checking '/home/taaniel/weld_ws/install/run_moveit_cpp/lib/python3.8/site-packages'
[1.392s] INFO:colcon.colcon_core.shell:Creating package script '/home/taaniel/weld_ws/install/run_moveit_cpp/share/run_moveit_cpp/package.ps1'
[1.398s] INFO:colcon.colcon_core.shell:Creating package descriptor '/home/taaniel/weld_ws/install/run_moveit_cpp/share/run_moveit_cpp/package.dsv'
[1.400s] INFO:colcon.colcon_core.shell:Creating package script '/home/taaniel/weld_ws/install/run_moveit_cpp/share/run_moveit_cpp/package.sh'
[1.402s] INFO:colcon.colcon_core.shell:Creating package script '/home/taaniel/weld_ws/install/run_moveit_cpp/share/run_moveit_cpp/package.bash'
[1.404s] INFO:colcon.colcon_core.shell:Creating package script '/home/taaniel/weld_ws/install/run_moveit_cpp/share/run_moveit_cpp/package.zsh'
[1.405s] Level 1:colcon.colcon_core.environment:create_file_with_runtime_dependencies(/home/taaniel/weld_ws/install/run_moveit_cpp/share/colcon-core/packages/run_moveit_cpp)
[1.497s] Level 1:colcon.colcon_core.environment:create_environment_scripts_only(run_moveit_cpp)
[1.509s] Level 1:colcon.colcon_core.environment:checking '/home/taaniel/weld_ws/install/run_moveit_cpp' for CMake module files
[1.510s] Level 1:colcon.colcon_core.environment:checking '/home/taaniel/weld_ws/install/run_moveit_cpp' for CMake config files
[1.510s] Level 1:colcon.colcon_core.shell:create_environment_hook('run_moveit_cpp', 'cmake_prefix_path')
[1.518s] INFO:colcon.colcon_core.shell:Creating environment hook '/home/taaniel/weld_ws/install/run_moveit_cpp/share/run_moveit_cpp/hook/cmake_prefix_path.ps1'
[1.519s] INFO:colcon.colcon_core.shell:Creating environment descriptor '/home/taaniel/weld_ws/install/run_moveit_cpp/share/run_moveit_cpp/hook/cmake_prefix_path.dsv'
[1.520s] INFO:colcon.colcon_core.shell:Creating environment hook '/home/taaniel/weld_ws/install/run_moveit_cpp/share/run_moveit_cpp/hook/cmake_prefix_path.sh'
[1.521s] Level 1:colcon.colcon_core.environment:checking '/home/taaniel/weld_ws/install/run_moveit_cpp/lib'
[1.521s] Level 1:colcon.colcon_core.environment:checking '/home/taaniel/weld_ws/install/run_moveit_cpp/bin'
[1.521s] Level 1:colcon.colcon_core.environment:checking '/home/taaniel/weld_ws/install/run_moveit_cpp/lib/pkgconfig/run_moveit_cpp.pc'
[1.522s] Level 1:colcon.colcon_core.environment:checking '/home/taaniel/weld_ws/install/run_moveit_cpp/lib/python3.8/site-packages'
[1.531s] INFO:colcon.colcon_core.shell:Creating package script '/home/taaniel/weld_ws/install/run_moveit_cpp/share/run_moveit_cpp/package.ps1'
[1.532s] INFO:colcon.colcon_core.shell:Creating package descriptor '/home/taaniel/weld_ws/install/run_moveit_cpp/share/run_moveit_cpp/package.dsv'
[1.533s] INFO:colcon.colcon_core.shell:Creating package script '/home/taaniel/weld_ws/install/run_moveit_cpp/share/run_moveit_cpp/package.sh'
[1.534s] INFO:colcon.colcon_core.shell:Creating package script '/home/taaniel/weld_ws/install/run_moveit_cpp/share/run_moveit_cpp/package.bash'
[1.534s] INFO:colcon.colcon_core.shell:Creating package script '/home/taaniel/weld_ws/install/run_moveit_cpp/share/run_moveit_cpp/package.zsh'
[1.535s] Level 1:colcon.colcon_core.environment:create_file_with_runtime_dependencies(/home/taaniel/weld_ws/install/run_moveit_cpp/share/colcon-core/packages/run_moveit_cpp)
[13.599s] DEBUG:colcon.colcon_core.event_handler.log_command:Invoked command in '/home/taaniel/weld_ws/build/ur5_welder' returned '2': CMAKE_PREFIX_PATH=${CMAKE_PREFIX_PATH}:/home/taaniel/workspace/ros_ur_driver/install/ros2controlcli:/home/taaniel/workspace/ros_ur_driver/install/ros2_control_test_nodes:/opt/ros/foxy /usr/bin/cmake --build /home/taaniel/weld_ws/build/ur5_welder -- -j4 -l4
[13.668s] Level 1:colcon.colcon_core.environment:create_environment_scripts_only(ur5_welder)
[13.676s] Level 1:colcon.colcon_core.environment:checking '/home/taaniel/weld_ws/install/ur5_welder' for CMake module files
[13.676s] Level 1:colcon.colcon_core.environment:checking '/home/taaniel/weld_ws/install/ur5_welder' for CMake config files
[13.677s] Level 1:colcon.colcon_core.shell:create_environment_hook('ur5_welder', 'cmake_prefix_path')
[13.683s] INFO:colcon.colcon_core.shell:Creating environment hook '/home/taaniel/weld_ws/install/ur5_welder/share/ur5_welder/hook/cmake_prefix_path.ps1'
[13.684s] INFO:colcon.colcon_core.shell:Creating environment descriptor '/home/taaniel/weld_ws/install/ur5_welder/share/ur5_welder/hook/cmake_prefix_path.dsv'
[13.685s] INFO:colcon.colcon_core.shell:Creating environment hook '/home/taaniel/weld_ws/install/ur5_welder/share/ur5_welder/hook/cmake_prefix_path.sh'
[13.687s] Level 1:colcon.colcon_core.environment:checking '/home/taaniel/weld_ws/install/ur5_welder/lib'
[13.687s] Level 1:colcon.colcon_core.environment:checking '/home/taaniel/weld_ws/install/ur5_welder/bin'
[13.687s] Level 1:colcon.colcon_core.environment:checking '/home/taaniel/weld_ws/install/ur5_welder/lib/pkgconfig/ur5_welder.pc'
[13.687s] Level 1:colcon.colcon_core.environment:checking '/home/taaniel/weld_ws/install/ur5_welder/lib/python3.8/site-packages'
[13.695s] INFO:colcon.colcon_core.shell:Creating package script '/home/taaniel/weld_ws/install/ur5_welder/share/ur5_welder/package.ps1'
[13.696s] INFO:colcon.colcon_core.shell:Creating package descriptor '/home/taaniel/weld_ws/install/ur5_welder/share/ur5_welder/package.dsv'
[13.697s] INFO:colcon.colcon_core.shell:Creating package script '/home/taaniel/weld_ws/install/ur5_welder/share/ur5_welder/package.sh'
[13.698s] INFO:colcon.colcon_core.shell:Creating package script '/home/taaniel/weld_ws/install/ur5_welder/share/ur5_welder/package.bash'
[13.699s] INFO:colcon.colcon_core.shell:Creating package script '/home/taaniel/weld_ws/install/ur5_welder/share/ur5_welder/package.zsh'
[13.699s] Level 1:colcon.colcon_core.environment:create_file_with_runtime_dependencies(/home/taaniel/weld_ws/install/ur5_welder/share/colcon-core/packages/ur5_welder)
[13.700s] DEBUG:colcon.colcon_parallel_executor.executor.parallel:closing loop
[13.701s] DEBUG:colcon.colcon_parallel_executor.executor.parallel:loop closed
[13.701s] DEBUG:colcon.colcon_parallel_executor.executor.parallel:run_until_complete finished with '2'
[13.701s] DEBUG:colcon.colcon_core.event_reactor:joining thread
[13.716s] INFO:colcon.colcon_core.plugin_system:Skipping extension 'colcon_notification.desktop_notification.terminal_notifier': Not used on non-Darwin systems
[13.716s] INFO:colcon.colcon_core.plugin_system:Skipping extension 'colcon_notification.desktop_notification.win32': Not used on non-Windows systems
[13.716s] INFO:colcon.colcon_notification.desktop_notification:Sending desktop notification using 'notify2'
[13.739s] DEBUG:colcon.colcon_core.event_reactor:joined thread
[13.750s] INFO:colcon.colcon_core.shell:Creating prefix script '/home/taaniel/weld_ws/install/local_setup.ps1'
[13.751s] INFO:colcon.colcon_core.shell:Creating prefix util module '/home/taaniel/weld_ws/install/_local_setup_util_ps1.py'
[13.753s] INFO:colcon.colcon_core.shell:Creating prefix chain script '/home/taaniel/weld_ws/install/setup.ps1'
[13.764s] INFO:colcon.colcon_core.shell:Creating prefix script '/home/taaniel/weld_ws/install/local_setup.sh'
[13.764s] INFO:colcon.colcon_core.shell:Creating prefix util module '/home/taaniel/weld_ws/install/_local_setup_util_sh.py'
[13.765s] INFO:colcon.colcon_core.shell:Creating prefix chain script '/home/taaniel/weld_ws/install/setup.sh'
[13.776s] INFO:colcon.colcon_core.shell:Creating prefix script '/home/taaniel/weld_ws/install/local_setup.bash'
[13.777s] INFO:colcon.colcon_core.shell:Creating prefix chain script '/home/taaniel/weld_ws/install/setup.bash'
[13.789s] INFO:colcon.colcon_core.shell:Creating prefix script '/home/taaniel/weld_ws/install/local_setup.zsh'
[13.792s] INFO:colcon.colcon_core.shell:Creating prefix chain script '/home/taaniel/weld_ws/install/setup.zsh'
