[0.070s] Invoking command in '/home/taaniel/weld_ws/build/ur5_welder': CMAKE_PREFIX_PATH=${CMAKE_PREFIX_PATH}:/home/taaniel/workspace/ros_ur_driver/install/ros2controlcli:/home/taaniel/workspace/ros_ur_driver/install/ros2_control_test_nodes:/opt/ros/foxy /usr/bin/cmake --build /home/taaniel/weld_ws/build/ur5_welder -- -j4 -l4
[0.203s] [35m[1mScanning dependencies of target test_node[0m
[0.375s] [ 50%] [32mBuilding CXX object CMakeFiles/test_node.dir/src/moveit_testing.cpp.o[0m
[9.730s] [01m[K/home/taaniel/weld_ws/src/ur5_welder/src/moveit_testing.cpp:[m[K In function ‘[01m[Kint main(int, char**)[m[K’:
[9.730s] [01m[K/home/taaniel/weld_ws/src/ur5_welder/src/moveit_testing.cpp:46:40:[m[K [01;35m[Kwarning: [m[Kunused variable ‘[01m[Kjoint_model_group[m[K’ [[01;35m[K-Wunused-variable[m[K]
[9.730s]    46 |   const moveit::core::JointModelGroup* [01;35m[Kjoint_model_group[m[K = move_group.getCurrentState()->getJointModelGroup(PLANNING_GROUP);
[9.730s]       |                                        [01;35m[K^~~~~~~~~~~~~~~~~[m[K
[15.876s] [100%] [32m[1mLinking CXX executable test_node[0m
[16.686s] [100%] Built target test_node
[16.710s] Invoked command in '/home/taaniel/weld_ws/build/ur5_welder' returned '0': CMAKE_PREFIX_PATH=${CMAKE_PREFIX_PATH}:/home/taaniel/workspace/ros_ur_driver/install/ros2controlcli:/home/taaniel/workspace/ros_ur_driver/install/ros2_control_test_nodes:/opt/ros/foxy /usr/bin/cmake --build /home/taaniel/weld_ws/build/ur5_welder -- -j4 -l4
[16.784s] Invoking command in '/home/taaniel/weld_ws/build/ur5_welder': CMAKE_PREFIX_PATH=${CMAKE_PREFIX_PATH}:/home/taaniel/workspace/ros_ur_driver/install/ros2controlcli:/home/taaniel/workspace/ros_ur_driver/install/ros2_control_test_nodes:/opt/ros/foxy /usr/bin/cmake --install /home/taaniel/weld_ws/build/ur5_welder
[16.805s] -- Install configuration: ""
[16.805s] -- Installing: /home/taaniel/weld_ws/install/ur5_welder/lib/ur5_welder/test_node
[16.806s] -- Set runtime path of "/home/taaniel/weld_ws/install/ur5_welder/lib/ur5_welder/test_node" to ""
[16.807s] -- Up-to-date: /home/taaniel/weld_ws/install/ur5_welder/share/ament_index/resource_index/package_run_dependencies/ur5_welder
[16.807s] -- Up-to-date: /home/taaniel/weld_ws/install/ur5_welder/share/ament_index/resource_index/parent_prefix_path/ur5_welder
[16.807s] -- Up-to-date: /home/taaniel/weld_ws/install/ur5_welder/share/ur5_welder/environment/ament_prefix_path.sh
[16.808s] -- Up-to-date: /home/taaniel/weld_ws/install/ur5_welder/share/ur5_welder/environment/ament_prefix_path.dsv
[16.808s] -- Up-to-date: /home/taaniel/weld_ws/install/ur5_welder/share/ur5_welder/environment/path.sh
[16.808s] -- Up-to-date: /home/taaniel/weld_ws/install/ur5_welder/share/ur5_welder/environment/path.dsv
[16.808s] -- Up-to-date: /home/taaniel/weld_ws/install/ur5_welder/share/ur5_welder/local_setup.bash
[16.809s] -- Up-to-date: /home/taaniel/weld_ws/install/ur5_welder/share/ur5_welder/local_setup.sh
[16.809s] -- Up-to-date: /home/taaniel/weld_ws/install/ur5_welder/share/ur5_welder/local_setup.zsh
[16.810s] -- Up-to-date: /home/taaniel/weld_ws/install/ur5_welder/share/ur5_welder/local_setup.dsv
[16.810s] -- Installing: /home/taaniel/weld_ws/install/ur5_welder/share/ur5_welder/package.dsv
[16.810s] -- Up-to-date: /home/taaniel/weld_ws/install/ur5_welder/share/ament_index/resource_index/packages/ur5_welder
[16.810s] -- Up-to-date: /home/taaniel/weld_ws/install/ur5_welder/share/ur5_welder/cmake/ur5_welderConfig.cmake
[16.810s] -- Up-to-date: /home/taaniel/weld_ws/install/ur5_welder/share/ur5_welder/cmake/ur5_welderConfig-version.cmake
[16.810s] -- Up-to-date: /home/taaniel/weld_ws/install/ur5_welder/share/ur5_welder/package.xml
[16.820s] Invoked command in '/home/taaniel/weld_ws/build/ur5_welder' returned '0': CMAKE_PREFIX_PATH=${CMAKE_PREFIX_PATH}:/home/taaniel/workspace/ros_ur_driver/install/ros2controlcli:/home/taaniel/workspace/ros_ur_driver/install/ros2_control_test_nodes:/opt/ros/foxy /usr/bin/cmake --install /home/taaniel/weld_ws/build/ur5_welder
