[0.851s] DEBUG:colcon:Command line arguments: ['/home/taaniel/.local/bin/colcon', 'build']
[0.851s] DEBUG:colcon:Parsed command line arguments: Namespace(ament_cmake_args=None, base_paths=['.'], build_base='build', catkin_cmake_args=None, catkin_skip_building_tests=False, cmake_args=None, cmake_clean_cache=False, cmake_clean_first=False, cmake_force_configure=False, cmake_target=None, cmake_target_skip_unavailable=False, continue_on_error=False, event_handlers=None, executor='parallel', ignore_user_meta=False, install_base='install', log_base=None, log_level=None, main=<bound method BuildVerb.main of <colcon_core.verb.build.BuildVerb object at 0x7f8cfdfa4d00>>, merge_install=False, metas=['./colcon.meta'], mixin=None, mixin_files=None, mixin_verb=('build',), packages_above=None, packages_above_and_dependencies=None, packages_above_depth=None, packages_end=None, packages_ignore=None, packages_ignore_regex=None, packages_select=None, packages_select_build_failed=False, packages_select_by_dep=None, packages_select_regex=None, packages_select_test_failures=False, packages_skip=None, packages_skip_build_finished=False, packages_skip_by_dep=None, packages_skip_regex=None, packages_skip_test_passed=False, packages_skip_up_to=None, packages_start=None, packages_up_to=None, packages_up_to_regex=None, parallel_workers=4, paths=None, symlink_install=False, test_result_base=None, verb_extension=<colcon_core.verb.build.BuildVerb object at 0x7f8cfdfa4d00>, verb_name='build', verb_parser=<colcon_mixin.mixin.mixin_argument.MixinArgumentDecorator object at 0x7f8cfdd32280>)
[0.875s] Level 1:colcon.colcon_core.package_discovery:discover_packages(colcon_meta) check parameters
[0.876s] Level 1:colcon.colcon_core.package_discovery:discover_packages(recursive) check parameters
[0.876s] Level 1:colcon.colcon_core.package_discovery:discover_packages(ignore) check parameters
[0.876s] Level 1:colcon.colcon_core.package_discovery:discover_packages(path) check parameters
[0.876s] Level 1:colcon.colcon_core.package_discovery:discover_packages(colcon_meta) discover
[0.876s] Level 1:colcon.colcon_core.package_discovery:discover_packages(recursive) discover
[0.876s] INFO:colcon.colcon_core.package_discovery:Crawling recursively for packages in '/home/taaniel/weld_ws'
[0.876s] Level 1:colcon.colcon_core.package_identification:_identify(.) by extensions ['ignore', 'ignore_ament_install']
[0.876s] Level 1:colcon.colcon_core.package_identification:_identify(.) by extension 'ignore'
[0.876s] Level 1:colcon.colcon_core.package_identification:_identify(.) by extension 'ignore_ament_install'
[0.877s] Level 1:colcon.colcon_core.package_identification:_identify(.) by extensions ['colcon_pkg']
[0.877s] Level 1:colcon.colcon_core.package_identification:_identify(.) by extension 'colcon_pkg'
[0.877s] Level 1:colcon.colcon_core.package_identification:_identify(.) by extensions ['colcon_meta']
[0.877s] Level 1:colcon.colcon_core.package_identification:_identify(.) by extension 'colcon_meta'
[0.877s] Level 1:colcon.colcon_core.package_identification:_identify(.) by extensions ['ros']
[0.877s] Level 1:colcon.colcon_core.package_identification:_identify(.) by extension 'ros'
[0.895s] Level 1:colcon.colcon_core.package_identification:_identify(.) by extensions ['cmake', 'python']
[0.895s] Level 1:colcon.colcon_core.package_identification:_identify(.) by extension 'cmake'
[0.896s] Level 1:colcon.colcon_core.package_identification:_identify(.) by extension 'python'
[0.896s] Level 1:colcon.colcon_core.package_identification:_identify(.) by extensions ['python_setup_py']
[0.896s] Level 1:colcon.colcon_core.package_identification:_identify(.) by extension 'python_setup_py'
[0.897s] Level 1:colcon.colcon_core.package_identification:_identify(build) by extensions ['ignore', 'ignore_ament_install']
[0.897s] Level 1:colcon.colcon_core.package_identification:_identify(build) by extension 'ignore'
[0.897s] Level 1:colcon.colcon_core.package_identification:_identify(build) ignored
[0.897s] Level 1:colcon.colcon_core.package_identification:_identify(install) by extensions ['ignore', 'ignore_ament_install']
[0.897s] Level 1:colcon.colcon_core.package_identification:_identify(install) by extension 'ignore'
[0.898s] Level 1:colcon.colcon_core.package_identification:_identify(install) ignored
[0.898s] Level 1:colcon.colcon_core.package_identification:_identify(log) by extensions ['ignore', 'ignore_ament_install']
[0.898s] Level 1:colcon.colcon_core.package_identification:_identify(log) by extension 'ignore'
[0.898s] Level 1:colcon.colcon_core.package_identification:_identify(log) ignored
[0.898s] Level 1:colcon.colcon_core.package_identification:_identify(src) by extensions ['ignore', 'ignore_ament_install']
[0.898s] Level 1:colcon.colcon_core.package_identification:_identify(src) by extension 'ignore'
[0.898s] Level 1:colcon.colcon_core.package_identification:_identify(src) by extension 'ignore_ament_install'
[0.898s] Level 1:colcon.colcon_core.package_identification:_identify(src) by extensions ['colcon_pkg']
[0.898s] Level 1:colcon.colcon_core.package_identification:_identify(src) by extension 'colcon_pkg'
[0.898s] Level 1:colcon.colcon_core.package_identification:_identify(src) by extensions ['colcon_meta']
[0.899s] Level 1:colcon.colcon_core.package_identification:_identify(src) by extension 'colcon_meta'
[0.899s] Level 1:colcon.colcon_core.package_identification:_identify(src) by extensions ['ros']
[0.899s] Level 1:colcon.colcon_core.package_identification:_identify(src) by extension 'ros'
[0.899s] Level 1:colcon.colcon_core.package_identification:_identify(src) by extensions ['cmake', 'python']
[0.899s] Level 1:colcon.colcon_core.package_identification:_identify(src) by extension 'cmake'
[0.899s] Level 1:colcon.colcon_core.package_identification:_identify(src) by extension 'python'
[0.899s] Level 1:colcon.colcon_core.package_identification:_identify(src) by extensions ['python_setup_py']
[0.899s] Level 1:colcon.colcon_core.package_identification:_identify(src) by extension 'python_setup_py'
[0.899s] Level 1:colcon.colcon_core.package_identification:_identify(src/run_moveit_cpp) by extensions ['ignore', 'ignore_ament_install']
[0.899s] Level 1:colcon.colcon_core.package_identification:_identify(src/run_moveit_cpp) by extension 'ignore'
[0.900s] Level 1:colcon.colcon_core.package_identification:_identify(src/run_moveit_cpp) by extension 'ignore_ament_install'
[0.900s] Level 1:colcon.colcon_core.package_identification:_identify(src/run_moveit_cpp) by extensions ['colcon_pkg']
[0.900s] Level 1:colcon.colcon_core.package_identification:_identify(src/run_moveit_cpp) by extension 'colcon_pkg'
[0.900s] Level 1:colcon.colcon_core.package_identification:_identify(src/run_moveit_cpp) by extensions ['colcon_meta']
[0.900s] Level 1:colcon.colcon_core.package_identification:_identify(src/run_moveit_cpp) by extension 'colcon_meta'
[0.900s] Level 1:colcon.colcon_core.package_identification:_identify(src/run_moveit_cpp) by extensions ['ros']
[0.900s] Level 1:colcon.colcon_core.package_identification:_identify(src/run_moveit_cpp) by extension 'ros'
[0.903s] DEBUG:colcon.colcon_core.package_identification:Package 'src/run_moveit_cpp' with type 'ros.ament_cmake' and name 'run_moveit_cpp'
[0.904s] Level 1:colcon.colcon_core.package_identification:_identify(src/ur5_welder) by extensions ['ignore', 'ignore_ament_install']
[0.904s] Level 1:colcon.colcon_core.package_identification:_identify(src/ur5_welder) by extension 'ignore'
[0.904s] Level 1:colcon.colcon_core.package_identification:_identify(src/ur5_welder) by extension 'ignore_ament_install'
[0.904s] Level 1:colcon.colcon_core.package_identification:_identify(src/ur5_welder) by extensions ['colcon_pkg']
[0.904s] Level 1:colcon.colcon_core.package_identification:_identify(src/ur5_welder) by extension 'colcon_pkg'
[0.904s] Level 1:colcon.colcon_core.package_identification:_identify(src/ur5_welder) by extensions ['colcon_meta']
[0.904s] Level 1:colcon.colcon_core.package_identification:_identify(src/ur5_welder) by extension 'colcon_meta'
[0.904s] Level 1:colcon.colcon_core.package_identification:_identify(src/ur5_welder) by extensions ['ros']
[0.904s] Level 1:colcon.colcon_core.package_identification:_identify(src/ur5_welder) by extension 'ros'
[0.905s] DEBUG:colcon.colcon_core.package_identification:Package 'src/ur5_welder' with type 'ros.ament_cmake' and name 'ur5_welder'
[0.905s] Level 1:colcon.colcon_core.package_discovery:discover_packages(recursive) using defaults
[0.905s] Level 1:colcon.colcon_core.package_discovery:discover_packages(ignore) discover
[0.905s] Level 1:colcon.colcon_core.package_discovery:discover_packages(ignore) using defaults
[0.905s] Level 1:colcon.colcon_core.package_discovery:discover_packages(path) discover
[0.905s] Level 1:colcon.colcon_core.package_discovery:discover_packages(path) using defaults
[0.970s] Level 5:colcon.colcon_core.verb:set package 'run_moveit_cpp' build argument 'cmake_args' from command line to 'None'
[0.970s] Level 5:colcon.colcon_core.verb:set package 'run_moveit_cpp' build argument 'cmake_target' from command line to 'None'
[0.970s] Level 5:colcon.colcon_core.verb:set package 'run_moveit_cpp' build argument 'cmake_target_skip_unavailable' from command line to 'False'
[0.970s] Level 5:colcon.colcon_core.verb:set package 'run_moveit_cpp' build argument 'cmake_clean_cache' from command line to 'False'
[0.970s] Level 5:colcon.colcon_core.verb:set package 'run_moveit_cpp' build argument 'cmake_clean_first' from command line to 'False'
[0.970s] Level 5:colcon.colcon_core.verb:set package 'run_moveit_cpp' build argument 'cmake_force_configure' from command line to 'False'
[0.970s] Level 5:colcon.colcon_core.verb:set package 'run_moveit_cpp' build argument 'ament_cmake_args' from command line to 'None'
[0.970s] Level 5:colcon.colcon_core.verb:set package 'run_moveit_cpp' build argument 'catkin_cmake_args' from command line to 'None'
[0.971s] Level 5:colcon.colcon_core.verb:set package 'run_moveit_cpp' build argument 'catkin_skip_building_tests' from command line to 'False'
[0.971s] DEBUG:colcon.colcon_core.verb:Building package 'run_moveit_cpp' with the following arguments: {'ament_cmake_args': None, 'build_base': '/home/taaniel/weld_ws/build/run_moveit_cpp', 'catkin_cmake_args': None, 'catkin_skip_building_tests': False, 'cmake_args': None, 'cmake_clean_cache': False, 'cmake_clean_first': False, 'cmake_force_configure': False, 'cmake_target': None, 'cmake_target_skip_unavailable': False, 'install_base': '/home/taaniel/weld_ws/install/run_moveit_cpp', 'merge_install': False, 'path': '/home/taaniel/weld_ws/src/run_moveit_cpp', 'symlink_install': False, 'test_result_base': None}
[0.983s] Level 5:colcon.colcon_core.verb:set package 'ur5_welder' build argument 'cmake_args' from command line to 'None'
[0.983s] Level 5:colcon.colcon_core.verb:set package 'ur5_welder' build argument 'cmake_target' from command line to 'None'
[0.983s] Level 5:colcon.colcon_core.verb:set package 'ur5_welder' build argument 'cmake_target_skip_unavailable' from command line to 'False'
[0.983s] Level 5:colcon.colcon_core.verb:set package 'ur5_welder' build argument 'cmake_clean_cache' from command line to 'False'
[0.983s] Level 5:colcon.colcon_core.verb:set package 'ur5_welder' build argument 'cmake_clean_first' from command line to 'False'
[0.983s] Level 5:colcon.colcon_core.verb:set package 'ur5_welder' build argument 'cmake_force_configure' from command line to 'False'
[0.983s] Level 5:colcon.colcon_core.verb:set package 'ur5_welder' build argument 'ament_cmake_args' from command line to 'None'
[0.983s] Level 5:colcon.colcon_core.verb:set package 'ur5_welder' build argument 'catkin_cmake_args' from command line to 'None'
[0.983s] Level 5:colcon.colcon_core.verb:set package 'ur5_welder' build argument 'catkin_skip_building_tests' from command line to 'False'
[0.983s] DEBUG:colcon.colcon_core.verb:Building package 'ur5_welder' with the following arguments: {'ament_cmake_args': None, 'build_base': '/home/taaniel/weld_ws/build/ur5_welder', 'catkin_cmake_args': None, 'catkin_skip_building_tests': False, 'cmake_args': None, 'cmake_clean_cache': False, 'cmake_clean_first': False, 'cmake_force_configure': False, 'cmake_target': None, 'cmake_target_skip_unavailable': False, 'install_base': '/home/taaniel/weld_ws/install/ur5_welder', 'merge_install': False, 'path': '/home/taaniel/weld_ws/src/ur5_welder', 'symlink_install': False, 'test_result_base': None}
[0.987s] INFO:colcon.colcon_core.executor:Executing jobs using 'parallel' executor
[1.003s] DEBUG:colcon.colcon_parallel_executor.executor.parallel:run_until_complete
[1.004s] INFO:colcon.colcon_ros.task.ament_cmake.build:Building ROS package in '/home/taaniel/weld_ws/src/run_moveit_cpp' with build type 'ament_cmake'
[1.004s] INFO:colcon.colcon_cmake.task.cmake.build:Building CMake package in '/home/taaniel/weld_ws/src/run_moveit_cpp'
[1.020s] INFO:colcon.colcon_core.plugin_system:Skipping extension 'colcon_core.shell.bat': Not used on non-Windows systems
[1.020s] INFO:colcon.colcon_core.shell:Skip shell extension 'powershell' for command environment: Not usable outside of PowerShell
[1.020s] DEBUG:colcon.colcon_core.shell:Skip shell extension 'dsv' for command environment
[1.036s] DEBUG:colcon.colcon_core.shell:Ignoring prefix path '/opt/ros/foxy'
[1.041s] INFO:colcon.colcon_ros.task.ament_cmake.build:Building ROS package in '/home/taaniel/weld_ws/src/ur5_welder' with build type 'ament_cmake'
[1.042s] INFO:colcon.colcon_cmake.task.cmake.build:Building CMake package in '/home/taaniel/weld_ws/src/ur5_welder'
[1.052s] INFO:colcon.colcon_core.shell:Skip shell extension 'powershell' for command environment: Not usable outside of PowerShell
[1.052s] DEBUG:colcon.colcon_core.shell:Skip shell extension 'dsv' for command environment
[1.065s] DEBUG:colcon.colcon_core.shell:Ignoring prefix path '/opt/ros/foxy'
[1.084s] DEBUG:colcon.colcon_core.event_handler.log_command:Invoking command in '/home/taaniel/weld_ws/build/run_moveit_cpp': CMAKE_PREFIX_PATH=${CMAKE_PREFIX_PATH}:/home/taaniel/workspace/ros_ur_driver/install/ros2controlcli:/home/taaniel/workspace/ros_ur_driver/install/ros2_control_test_nodes:/opt/ros/foxy /usr/bin/cmake --build /home/taaniel/weld_ws/build/run_moveit_cpp -- -j4 -l4
[1.102s] DEBUG:colcon.colcon_core.event_handler.log_command:Invoking command in '/home/taaniel/weld_ws/build/ur5_welder': CMAKE_PREFIX_PATH=${CMAKE_PREFIX_PATH}:/home/taaniel/workspace/ros_ur_driver/install/ros2controlcli:/home/taaniel/workspace/ros_ur_driver/install/ros2_control_test_nodes:/opt/ros/foxy /usr/bin/cmake --build /home/taaniel/weld_ws/build/ur5_welder -- -j4 -l4
[1.324s] DEBUG:colcon.colcon_core.event_handler.log_command:Invoked command in '/home/taaniel/weld_ws/build/run_moveit_cpp' returned '0': CMAKE_PREFIX_PATH=${CMAKE_PREFIX_PATH}:/home/taaniel/workspace/ros_ur_driver/install/ros2controlcli:/home/taaniel/workspace/ros_ur_driver/install/ros2_control_test_nodes:/opt/ros/foxy /usr/bin/cmake --build /home/taaniel/weld_ws/build/run_moveit_cpp -- -j4 -l4
[1.498s] DEBUG:colcon.colcon_core.event_handler.log_command:Invoking command in '/home/taaniel/weld_ws/build/run_moveit_cpp': CMAKE_PREFIX_PATH=${CMAKE_PREFIX_PATH}:/home/taaniel/workspace/ros_ur_driver/install/ros2controlcli:/home/taaniel/workspace/ros_ur_driver/install/ros2_control_test_nodes:/opt/ros/foxy /usr/bin/cmake --install /home/taaniel/weld_ws/build/run_moveit_cpp
[1.535s] Level 1:colcon.colcon_core.environment:create_environment_scripts_only(run_moveit_cpp)
[1.544s] DEBUG:colcon.colcon_core.event_handler.log_command:Invoked command in '/home/taaniel/weld_ws/build/run_moveit_cpp' returned '0': CMAKE_PREFIX_PATH=${CMAKE_PREFIX_PATH}:/home/taaniel/workspace/ros_ur_driver/install/ros2controlcli:/home/taaniel/workspace/ros_ur_driver/install/ros2_control_test_nodes:/opt/ros/foxy /usr/bin/cmake --install /home/taaniel/weld_ws/build/run_moveit_cpp
[1.556s] Level 1:colcon.colcon_core.environment:checking '/home/taaniel/weld_ws/install/run_moveit_cpp' for CMake module files
[1.557s] Level 1:colcon.colcon_core.environment:checking '/home/taaniel/weld_ws/install/run_moveit_cpp' for CMake config files
[1.557s] Level 1:colcon.colcon_core.shell:create_environment_hook('run_moveit_cpp', 'cmake_prefix_path')
[1.566s] INFO:colcon.colcon_core.shell:Creating environment hook '/home/taaniel/weld_ws/install/run_moveit_cpp/share/run_moveit_cpp/hook/cmake_prefix_path.ps1'
[1.568s] INFO:colcon.colcon_core.shell:Creating environment descriptor '/home/taaniel/weld_ws/install/run_moveit_cpp/share/run_moveit_cpp/hook/cmake_prefix_path.dsv'
[1.569s] INFO:colcon.colcon_core.shell:Creating environment hook '/home/taaniel/weld_ws/install/run_moveit_cpp/share/run_moveit_cpp/hook/cmake_prefix_path.sh'
[1.571s] Level 1:colcon.colcon_core.environment:checking '/home/taaniel/weld_ws/install/run_moveit_cpp/lib'
[1.572s] Level 1:colcon.colcon_core.environment:checking '/home/taaniel/weld_ws/install/run_moveit_cpp/bin'
[1.572s] Level 1:colcon.colcon_core.environment:checking '/home/taaniel/weld_ws/install/run_moveit_cpp/lib/pkgconfig/run_moveit_cpp.pc'
[1.573s] Level 1:colcon.colcon_core.environment:checking '/home/taaniel/weld_ws/install/run_moveit_cpp/lib/python3.8/site-packages'
[1.580s] INFO:colcon.colcon_core.shell:Creating package script '/home/taaniel/weld_ws/install/run_moveit_cpp/share/run_moveit_cpp/package.ps1'
[1.582s] INFO:colcon.colcon_core.shell:Creating package descriptor '/home/taaniel/weld_ws/install/run_moveit_cpp/share/run_moveit_cpp/package.dsv'
[1.583s] INFO:colcon.colcon_core.shell:Creating package script '/home/taaniel/weld_ws/install/run_moveit_cpp/share/run_moveit_cpp/package.sh'
[1.585s] INFO:colcon.colcon_core.shell:Creating package script '/home/taaniel/weld_ws/install/run_moveit_cpp/share/run_moveit_cpp/package.bash'
[1.586s] INFO:colcon.colcon_core.shell:Creating package script '/home/taaniel/weld_ws/install/run_moveit_cpp/share/run_moveit_cpp/package.zsh'
[1.587s] Level 1:colcon.colcon_core.environment:create_file_with_runtime_dependencies(/home/taaniel/weld_ws/install/run_moveit_cpp/share/colcon-core/packages/run_moveit_cpp)
[1.683s] Level 1:colcon.colcon_core.environment:create_environment_scripts_only(run_moveit_cpp)
[1.697s] Level 1:colcon.colcon_core.environment:checking '/home/taaniel/weld_ws/install/run_moveit_cpp' for CMake module files
[1.699s] Level 1:colcon.colcon_core.environment:checking '/home/taaniel/weld_ws/install/run_moveit_cpp' for CMake config files
[1.699s] Level 1:colcon.colcon_core.shell:create_environment_hook('run_moveit_cpp', 'cmake_prefix_path')
[1.711s] INFO:colcon.colcon_core.shell:Creating environment hook '/home/taaniel/weld_ws/install/run_moveit_cpp/share/run_moveit_cpp/hook/cmake_prefix_path.ps1'
[1.714s] INFO:colcon.colcon_core.shell:Creating environment descriptor '/home/taaniel/weld_ws/install/run_moveit_cpp/share/run_moveit_cpp/hook/cmake_prefix_path.dsv'
[1.715s] INFO:colcon.colcon_core.shell:Creating environment hook '/home/taaniel/weld_ws/install/run_moveit_cpp/share/run_moveit_cpp/hook/cmake_prefix_path.sh'
[1.717s] Level 1:colcon.colcon_core.environment:checking '/home/taaniel/weld_ws/install/run_moveit_cpp/lib'
[1.718s] Level 1:colcon.colcon_core.environment:checking '/home/taaniel/weld_ws/install/run_moveit_cpp/bin'
[1.718s] Level 1:colcon.colcon_core.environment:checking '/home/taaniel/weld_ws/install/run_moveit_cpp/lib/pkgconfig/run_moveit_cpp.pc'
[1.718s] Level 1:colcon.colcon_core.environment:checking '/home/taaniel/weld_ws/install/run_moveit_cpp/lib/python3.8/site-packages'
[1.730s] INFO:colcon.colcon_core.shell:Creating package script '/home/taaniel/weld_ws/install/run_moveit_cpp/share/run_moveit_cpp/package.ps1'
[1.732s] INFO:colcon.colcon_core.shell:Creating package descriptor '/home/taaniel/weld_ws/install/run_moveit_cpp/share/run_moveit_cpp/package.dsv'
[1.733s] INFO:colcon.colcon_core.shell:Creating package script '/home/taaniel/weld_ws/install/run_moveit_cpp/share/run_moveit_cpp/package.sh'
[1.735s] INFO:colcon.colcon_core.shell:Creating package script '/home/taaniel/weld_ws/install/run_moveit_cpp/share/run_moveit_cpp/package.bash'
[1.736s] INFO:colcon.colcon_core.shell:Creating package script '/home/taaniel/weld_ws/install/run_moveit_cpp/share/run_moveit_cpp/package.zsh'
[1.736s] Level 1:colcon.colcon_core.environment:create_file_with_runtime_dependencies(/home/taaniel/weld_ws/install/run_moveit_cpp/share/colcon-core/packages/run_moveit_cpp)
[17.032s] DEBUG:colcon.colcon_core.event_handler.log_command:Invoked command in '/home/taaniel/weld_ws/build/ur5_welder' returned '0': CMAKE_PREFIX_PATH=${CMAKE_PREFIX_PATH}:/home/taaniel/workspace/ros_ur_driver/install/ros2controlcli:/home/taaniel/workspace/ros_ur_driver/install/ros2_control_test_nodes:/opt/ros/foxy /usr/bin/cmake --build /home/taaniel/weld_ws/build/ur5_welder -- -j4 -l4
[17.099s] DEBUG:colcon.colcon_core.event_handler.log_command:Invoking command in '/home/taaniel/weld_ws/build/ur5_welder': CMAKE_PREFIX_PATH=${CMAKE_PREFIX_PATH}:/home/taaniel/workspace/ros_ur_driver/install/ros2controlcli:/home/taaniel/workspace/ros_ur_driver/install/ros2_control_test_nodes:/opt/ros/foxy /usr/bin/cmake --install /home/taaniel/weld_ws/build/ur5_welder
[17.125s] Level 1:colcon.colcon_core.environment:create_environment_scripts_only(ur5_welder)
[17.134s] Level 1:colcon.colcon_core.environment:checking '/home/taaniel/weld_ws/install/ur5_welder' for CMake module files
[17.136s] Level 1:colcon.colcon_core.environment:checking '/home/taaniel/weld_ws/install/ur5_welder' for CMake config files
[17.136s] Level 1:colcon.colcon_core.shell:create_environment_hook('ur5_welder', 'cmake_prefix_path')
[17.146s] INFO:colcon.colcon_core.shell:Creating environment hook '/home/taaniel/weld_ws/install/ur5_welder/share/ur5_welder/hook/cmake_prefix_path.ps1'
[17.148s] DEBUG:colcon.colcon_core.event_handler.log_command:Invoked command in '/home/taaniel/weld_ws/build/ur5_welder' returned '0': CMAKE_PREFIX_PATH=${CMAKE_PREFIX_PATH}:/home/taaniel/workspace/ros_ur_driver/install/ros2controlcli:/home/taaniel/workspace/ros_ur_driver/install/ros2_control_test_nodes:/opt/ros/foxy /usr/bin/cmake --install /home/taaniel/weld_ws/build/ur5_welder
[17.149s] INFO:colcon.colcon_core.shell:Creating environment descriptor '/home/taaniel/weld_ws/install/ur5_welder/share/ur5_welder/hook/cmake_prefix_path.dsv'
[17.149s] INFO:colcon.colcon_core.shell:Creating environment hook '/home/taaniel/weld_ws/install/ur5_welder/share/ur5_welder/hook/cmake_prefix_path.sh'
[17.151s] Level 1:colcon.colcon_core.environment:checking '/home/taaniel/weld_ws/install/ur5_welder/lib'
[17.151s] Level 1:colcon.colcon_core.environment:checking '/home/taaniel/weld_ws/install/ur5_welder/bin'
[17.151s] Level 1:colcon.colcon_core.environment:checking '/home/taaniel/weld_ws/install/ur5_welder/lib/pkgconfig/ur5_welder.pc'
[17.151s] Level 1:colcon.colcon_core.environment:checking '/home/taaniel/weld_ws/install/ur5_welder/lib/python3.8/site-packages'
[17.159s] INFO:colcon.colcon_core.shell:Creating package script '/home/taaniel/weld_ws/install/ur5_welder/share/ur5_welder/package.ps1'
[17.160s] INFO:colcon.colcon_core.shell:Creating package descriptor '/home/taaniel/weld_ws/install/ur5_welder/share/ur5_welder/package.dsv'
[17.161s] INFO:colcon.colcon_core.shell:Creating package script '/home/taaniel/weld_ws/install/ur5_welder/share/ur5_welder/package.sh'
[17.161s] INFO:colcon.colcon_core.shell:Creating package script '/home/taaniel/weld_ws/install/ur5_welder/share/ur5_welder/package.bash'
[17.162s] INFO:colcon.colcon_core.shell:Creating package script '/home/taaniel/weld_ws/install/ur5_welder/share/ur5_welder/package.zsh'
[17.163s] Level 1:colcon.colcon_core.environment:create_file_with_runtime_dependencies(/home/taaniel/weld_ws/install/ur5_welder/share/colcon-core/packages/ur5_welder)
[17.243s] Level 1:colcon.colcon_core.environment:create_environment_scripts_only(ur5_welder)
[17.251s] Level 1:colcon.colcon_core.environment:checking '/home/taaniel/weld_ws/install/ur5_welder' for CMake module files
[17.252s] Level 1:colcon.colcon_core.environment:checking '/home/taaniel/weld_ws/install/ur5_welder' for CMake config files
[17.252s] Level 1:colcon.colcon_core.shell:create_environment_hook('ur5_welder', 'cmake_prefix_path')
[17.259s] INFO:colcon.colcon_core.shell:Creating environment hook '/home/taaniel/weld_ws/install/ur5_welder/share/ur5_welder/hook/cmake_prefix_path.ps1'
[17.259s] INFO:colcon.colcon_core.shell:Creating environment descriptor '/home/taaniel/weld_ws/install/ur5_welder/share/ur5_welder/hook/cmake_prefix_path.dsv'
[17.260s] INFO:colcon.colcon_core.shell:Creating environment hook '/home/taaniel/weld_ws/install/ur5_welder/share/ur5_welder/hook/cmake_prefix_path.sh'
[17.261s] Level 1:colcon.colcon_core.environment:checking '/home/taaniel/weld_ws/install/ur5_welder/lib'
[17.261s] Level 1:colcon.colcon_core.environment:checking '/home/taaniel/weld_ws/install/ur5_welder/bin'
[17.261s] Level 1:colcon.colcon_core.environment:checking '/home/taaniel/weld_ws/install/ur5_welder/lib/pkgconfig/ur5_welder.pc'
[17.261s] Level 1:colcon.colcon_core.environment:checking '/home/taaniel/weld_ws/install/ur5_welder/lib/python3.8/site-packages'
[17.274s] INFO:colcon.colcon_core.shell:Creating package script '/home/taaniel/weld_ws/install/ur5_welder/share/ur5_welder/package.ps1'
[17.275s] INFO:colcon.colcon_core.shell:Creating package descriptor '/home/taaniel/weld_ws/install/ur5_welder/share/ur5_welder/package.dsv'
[17.276s] INFO:colcon.colcon_core.shell:Creating package script '/home/taaniel/weld_ws/install/ur5_welder/share/ur5_welder/package.sh'
[17.277s] INFO:colcon.colcon_core.shell:Creating package script '/home/taaniel/weld_ws/install/ur5_welder/share/ur5_welder/package.bash'
[17.278s] INFO:colcon.colcon_core.shell:Creating package script '/home/taaniel/weld_ws/install/ur5_welder/share/ur5_welder/package.zsh'
[17.279s] Level 1:colcon.colcon_core.environment:create_file_with_runtime_dependencies(/home/taaniel/weld_ws/install/ur5_welder/share/colcon-core/packages/ur5_welder)
[17.279s] DEBUG:colcon.colcon_parallel_executor.executor.parallel:closing loop
[17.280s] DEBUG:colcon.colcon_parallel_executor.executor.parallel:loop closed
[17.280s] DEBUG:colcon.colcon_parallel_executor.executor.parallel:run_until_complete finished with '0'
[17.280s] DEBUG:colcon.colcon_core.event_reactor:joining thread
[17.306s] INFO:colcon.colcon_core.plugin_system:Skipping extension 'colcon_notification.desktop_notification.terminal_notifier': Not used on non-Darwin systems
[17.307s] INFO:colcon.colcon_core.plugin_system:Skipping extension 'colcon_notification.desktop_notification.win32': Not used on non-Windows systems
[17.307s] INFO:colcon.colcon_notification.desktop_notification:Sending desktop notification using 'notify2'
[17.327s] DEBUG:colcon.colcon_core.event_reactor:joined thread
[17.346s] INFO:colcon.colcon_core.shell:Creating prefix script '/home/taaniel/weld_ws/install/local_setup.ps1'
[17.348s] INFO:colcon.colcon_core.shell:Creating prefix util module '/home/taaniel/weld_ws/install/_local_setup_util_ps1.py'
[17.351s] INFO:colcon.colcon_core.shell:Creating prefix chain script '/home/taaniel/weld_ws/install/setup.ps1'
[17.367s] INFO:colcon.colcon_core.shell:Creating prefix script '/home/taaniel/weld_ws/install/local_setup.sh'
[17.368s] INFO:colcon.colcon_core.shell:Creating prefix util module '/home/taaniel/weld_ws/install/_local_setup_util_sh.py'
[17.369s] INFO:colcon.colcon_core.shell:Creating prefix chain script '/home/taaniel/weld_ws/install/setup.sh'
[17.387s] INFO:colcon.colcon_core.shell:Creating prefix script '/home/taaniel/weld_ws/install/local_setup.bash'
[17.388s] INFO:colcon.colcon_core.shell:Creating prefix chain script '/home/taaniel/weld_ws/install/setup.bash'
[17.402s] INFO:colcon.colcon_core.shell:Creating prefix script '/home/taaniel/weld_ws/install/local_setup.zsh'
[17.403s] INFO:colcon.colcon_core.shell:Creating prefix chain script '/home/taaniel/weld_ws/install/setup.zsh'
