[35m[1mScanning dependencies of target test_node[0m
[ 50%] [32mBuilding CXX object CMakeFiles/test_node.dir/src/moveit_testing.cpp.o[0m
[01m[K/home/taaniel/weld_ws/src/ur5_welder/src/moveit_testing.cpp:[m[K In function ‘[01m[Kint main(int, char**)[m[K’:
[01m[K/home/taaniel/weld_ws/src/ur5_welder/src/moveit_testing.cpp:51:8:[m[K [01;35m[Kwarning: [m[Kunused variable ‘[01m[Kjoint_model_group_ptr[m[K’ [[01;35m[K-Wunused-variable[m[K]
   51 |   auto [01;35m[Kjoint_model_group_ptr[m[K = robot_model_ptr->getJointModelGroup(PLANNING_GROUP);
      |        [01;35m[K^~~~~~~~~~~~~~~~~~~~~[m[K
[01m[K/home/taaniel/weld_ws/src/ur5_welder/src/moveit_testing.cpp:53:21:[m[K [01;35m[Kwarning: [m[Kvariable ‘[01m[Ktext_pose[m[K’ set but not used [[01;35m[K-Wunused-but-set-variable[m[K]
   53 |   Eigen::Isometry3d [01;35m[Ktext_pose[m[K = Eigen::Isometry3d::Identity();
      |                     [01;35m[K^~~~~~~~~[m[K
[100%] [32m[1mLinking CXX executable test_node[0m
[100%] Built target test_node
-- Install configuration: ""
-- Installing: /home/taaniel/weld_ws/install/ur5_welder/lib/ur5_welder/test_node
-- Set runtime path of "/home/taaniel/weld_ws/install/ur5_welder/lib/ur5_welder/test_node" to ""
-- Up-to-date: /home/taaniel/weld_ws/install/ur5_welder/share/ament_index/resource_index/package_run_dependencies/ur5_welder
-- Up-to-date: /home/taaniel/weld_ws/install/ur5_welder/share/ament_index/resource_index/parent_prefix_path/ur5_welder
-- Up-to-date: /home/taaniel/weld_ws/install/ur5_welder/share/ur5_welder/environment/ament_prefix_path.sh
-- Up-to-date: /home/taaniel/weld_ws/install/ur5_welder/share/ur5_welder/environment/ament_prefix_path.dsv
-- Up-to-date: /home/taaniel/weld_ws/install/ur5_welder/share/ur5_welder/environment/path.sh
-- Up-to-date: /home/taaniel/weld_ws/install/ur5_welder/share/ur5_welder/environment/path.dsv
-- Up-to-date: /home/taaniel/weld_ws/install/ur5_welder/share/ur5_welder/local_setup.bash
-- Up-to-date: /home/taaniel/weld_ws/install/ur5_welder/share/ur5_welder/local_setup.sh
-- Up-to-date: /home/taaniel/weld_ws/install/ur5_welder/share/ur5_welder/local_setup.zsh
-- Up-to-date: /home/taaniel/weld_ws/install/ur5_welder/share/ur5_welder/local_setup.dsv
-- Installing: /home/taaniel/weld_ws/install/ur5_welder/share/ur5_welder/package.dsv
-- Up-to-date: /home/taaniel/weld_ws/install/ur5_welder/share/ament_index/resource_index/packages/ur5_welder
-- Up-to-date: /home/taaniel/weld_ws/install/ur5_welder/share/ur5_welder/cmake/ur5_welderConfig.cmake
-- Up-to-date: /home/taaniel/weld_ws/install/ur5_welder/share/ur5_welder/cmake/ur5_welderConfig-version.cmake
-- Up-to-date: /home/taaniel/weld_ws/install/ur5_welder/share/ur5_welder/package.xml
