[0.057s] Invoking command in '/home/taaniel/weld_ws/build/ur5_welder': CMAKE_PREFIX_PATH=${CMAKE_PREFIX_PATH}:/home/taaniel/workspace/ros_ur_driver/install/ros2controlcli:/home/taaniel/workspace/ros_ur_driver/install/ros2_control_test_nodes:/opt/ros/foxy /usr/bin/cmake --build /home/taaniel/weld_ws/build/ur5_welder -- -j4 -l4
[0.170s] [35m[1mScanning dependencies of target test_node[0m
[0.293s] [ 50%] [32mBuilding CXX object CMakeFiles/test_node.dir/src/moveit_testing.cpp.o[0m
[8.380s] [01m[K/home/taaniel/weld_ws/src/ur5_welder/src/moveit_testing.cpp:[m[K In function ‘[01m[Kint main(int, char**)[m[K’:
[8.381s] [01m[K/home/taaniel/weld_ws/src/ur5_welder/src/moveit_testing.cpp:47:9:[m[K [01;35m[Kwarning: [m[Kunused variable ‘[01m[Kjoint_model_group_ptr[m[K’ [[01;35m[K-Wunused-variable[m[K]
[8.381s]    47 |    auto [01;35m[Kjoint_model_group_ptr[m[K = robot_model_ptr->getJointModelGroup(PLANNING_GROUP);
[8.381s]       |         [01;35m[K^~~~~~~~~~~~~~~~~~~~~[m[K
[13.994s] [100%] [32m[1mLinking CXX executable test_node[0m
[14.647s] [100%] Built target test_node
[14.668s] Invoked command in '/home/taaniel/weld_ws/build/ur5_welder' returned '0': CMAKE_PREFIX_PATH=${CMAKE_PREFIX_PATH}:/home/taaniel/workspace/ros_ur_driver/install/ros2controlcli:/home/taaniel/workspace/ros_ur_driver/install/ros2_control_test_nodes:/opt/ros/foxy /usr/bin/cmake --build /home/taaniel/weld_ws/build/ur5_welder -- -j4 -l4
[14.735s] Invoking command in '/home/taaniel/weld_ws/build/ur5_welder': CMAKE_PREFIX_PATH=${CMAKE_PREFIX_PATH}:/home/taaniel/workspace/ros_ur_driver/install/ros2controlcli:/home/taaniel/workspace/ros_ur_driver/install/ros2_control_test_nodes:/opt/ros/foxy /usr/bin/cmake --install /home/taaniel/weld_ws/build/ur5_welder
[14.752s] -- Install configuration: ""
[14.753s] -- Installing: /home/taaniel/weld_ws/install/ur5_welder/lib/ur5_welder/test_node
[14.754s] -- Set runtime path of "/home/taaniel/weld_ws/install/ur5_welder/lib/ur5_welder/test_node" to ""
[14.755s] -- Up-to-date: /home/taaniel/weld_ws/install/ur5_welder/share/ament_index/resource_index/package_run_dependencies/ur5_welder
[14.755s] -- Up-to-date: /home/taaniel/weld_ws/install/ur5_welder/share/ament_index/resource_index/parent_prefix_path/ur5_welder
[14.755s] -- Up-to-date: /home/taaniel/weld_ws/install/ur5_welder/share/ur5_welder/environment/ament_prefix_path.sh
[14.756s] -- Up-to-date: /home/taaniel/weld_ws/install/ur5_welder/share/ur5_welder/environment/ament_prefix_path.dsv
[14.756s] -- Up-to-date: /home/taaniel/weld_ws/install/ur5_welder/share/ur5_welder/environment/path.sh
[14.756s] -- Up-to-date: /home/taaniel/weld_ws/install/ur5_welder/share/ur5_welder/environment/path.dsv
[14.756s] -- Up-to-date: /home/taaniel/weld_ws/install/ur5_welder/share/ur5_welder/local_setup.bash
[14.756s] -- Up-to-date: /home/taaniel/weld_ws/install/ur5_welder/share/ur5_welder/local_setup.sh
[14.756s] -- Up-to-date: /home/taaniel/weld_ws/install/ur5_welder/share/ur5_welder/local_setup.zsh
[14.757s] -- Up-to-date: /home/taaniel/weld_ws/install/ur5_welder/share/ur5_welder/local_setup.dsv
[14.757s] -- Installing: /home/taaniel/weld_ws/install/ur5_welder/share/ur5_welder/package.dsv
[14.757s] -- Up-to-date: /home/taaniel/weld_ws/install/ur5_welder/share/ament_index/resource_index/packages/ur5_welder
[14.757s] -- Up-to-date: /home/taaniel/weld_ws/install/ur5_welder/share/ur5_welder/cmake/ur5_welderConfig.cmake
[14.757s] -- Up-to-date: /home/taaniel/weld_ws/install/ur5_welder/share/ur5_welder/cmake/ur5_welderConfig-version.cmake
[14.758s] -- Up-to-date: /home/taaniel/weld_ws/install/ur5_welder/share/ur5_welder/package.xml
[14.770s] Invoked command in '/home/taaniel/weld_ws/build/ur5_welder' returned '0': CMAKE_PREFIX_PATH=${CMAKE_PREFIX_PATH}:/home/taaniel/workspace/ros_ur_driver/install/ros2controlcli:/home/taaniel/workspace/ros_ur_driver/install/ros2_control_test_nodes:/opt/ros/foxy /usr/bin/cmake --install /home/taaniel/weld_ws/build/ur5_welder
