[0.030s] Invoking command in '/home/taaniel/weld_ws/build/ur5_welder': CMAKE_PREFIX_PATH=/opt/ros/foxy /usr/bin/cmake /home/taaniel/weld_ws/src/ur5_welder -DCMAKE_INSTALL_PREFIX=/home/taaniel/weld_ws/install/ur5_welder
[0.062s] -- Found ament_cmake: 0.9.9 (/opt/ros/foxy/share/ament_cmake/cmake)
[0.097s] -- Using PYTHON_EXECUTABLE: /usr/bin/python3
[0.402s] -- Found rclcpp: 2.4.0 (/opt/ros/foxy/share/rclcpp/cmake)
[0.459s] -- Using all available rosidl_typesupport_c: rosidl_typesupport_fastrtps_c;rosidl_typesupport_introspection_c
[0.468s] -- Found rosidl_adapter: 1.2.1 (/opt/ros/foxy/share/rosidl_adapter/cmake)
[0.645s] -- Using all available rosidl_typesupport_cpp: rosidl_typesupport_fastrtps_cpp;rosidl_typesupport_introspection_cpp
[0.749s] -- Found rmw_implementation_cmake: 1.0.3 (/opt/ros/foxy/share/rmw_implementation_cmake/cmake)
[0.752s] -- Using RMW implementation 'rmw_fastrtps_cpp' as default
[0.970s] -- Found ament_lint_auto: 0.9.6 (/opt/ros/foxy/share/ament_lint_auto/cmake)
[1.069s] -- Added test 'copyright' to check source files copyright and LICENSE
[1.071s] -- Added test 'cppcheck' to perform static code analysis on C / C++ code
[1.071s] -- Configured cppcheck include dirs: 
[1.071s] -- Configured cppcheck exclude dirs and/or files: 
[1.072s] -- Added test 'cpplint' to check C / C++ code against the Google style
[1.072s] -- Configured cpplint exclude dirs and/or files: 
[1.072s] -- Added test 'lint_cmake' to check CMake code style
[1.074s] -- Added test 'uncrustify' to check C / C++ code style
[1.074s] -- Configured uncrustify additional arguments: 
[1.074s] -- Added test 'xmllint' to check XML markup files
[1.078s] -- Configuring done
[1.088s] -- Generating done
[1.090s] -- Build files have been written to: /home/taaniel/weld_ws/build/ur5_welder
[1.100s] Invoked command in '/home/taaniel/weld_ws/build/ur5_welder' returned '0': CMAKE_PREFIX_PATH=/opt/ros/foxy /usr/bin/cmake /home/taaniel/weld_ws/src/ur5_welder -DCMAKE_INSTALL_PREFIX=/home/taaniel/weld_ws/install/ur5_welder
[1.104s] Invoking command in '/home/taaniel/weld_ws/build/ur5_welder': CMAKE_PREFIX_PATH=/opt/ros/foxy /usr/bin/cmake --build /home/taaniel/weld_ws/build/ur5_welder -- -j4 -l4
[1.160s] [35m[1mScanning dependencies of target test_node[0m
[1.266s] [ 50%] [32mBuilding CXX object CMakeFiles/test_node.dir/src/moveit_testing.cpp.o[0m
[3.524s] [100%] [32m[1mLinking CXX executable test_node[0m
[3.675s] [100%] Built target test_node
[3.690s] Invoked command in '/home/taaniel/weld_ws/build/ur5_welder' returned '0': CMAKE_PREFIX_PATH=/opt/ros/foxy /usr/bin/cmake --build /home/taaniel/weld_ws/build/ur5_welder -- -j4 -l4
[3.735s] Invoking command in '/home/taaniel/weld_ws/build/ur5_welder': CMAKE_PREFIX_PATH=/opt/ros/foxy /usr/bin/cmake --install /home/taaniel/weld_ws/build/ur5_welder
[3.747s] -- Install configuration: ""
[3.747s] -- Installing: /home/taaniel/weld_ws/install/ur5_welder/lib/ur5_welder/test_node
[3.747s] -- Set runtime path of "/home/taaniel/weld_ws/install/ur5_welder/lib/ur5_welder/test_node" to ""
[3.748s] -- Installing: /home/taaniel/weld_ws/install/ur5_welder/share/ament_index/resource_index/package_run_dependencies/ur5_welder
[3.748s] -- Installing: /home/taaniel/weld_ws/install/ur5_welder/share/ament_index/resource_index/parent_prefix_path/ur5_welder
[3.748s] -- Installing: /home/taaniel/weld_ws/install/ur5_welder/share/ur5_welder/environment/ament_prefix_path.sh
[3.749s] -- Installing: /home/taaniel/weld_ws/install/ur5_welder/share/ur5_welder/environment/ament_prefix_path.dsv
[3.749s] -- Installing: /home/taaniel/weld_ws/install/ur5_welder/share/ur5_welder/environment/path.sh
[3.750s] -- Installing: /home/taaniel/weld_ws/install/ur5_welder/share/ur5_welder/environment/path.dsv
[3.750s] -- Installing: /home/taaniel/weld_ws/install/ur5_welder/share/ur5_welder/local_setup.bash
[3.750s] -- Installing: /home/taaniel/weld_ws/install/ur5_welder/share/ur5_welder/local_setup.sh
[3.750s] -- Installing: /home/taaniel/weld_ws/install/ur5_welder/share/ur5_welder/local_setup.zsh
[3.750s] -- Installing: /home/taaniel/weld_ws/install/ur5_welder/share/ur5_welder/local_setup.dsv
[3.751s] -- Installing: /home/taaniel/weld_ws/install/ur5_welder/share/ur5_welder/package.dsv
[3.751s] -- Installing: /home/taaniel/weld_ws/install/ur5_welder/share/ament_index/resource_index/packages/ur5_welder
[3.752s] -- Installing: /home/taaniel/weld_ws/install/ur5_welder/share/ur5_welder/cmake/ur5_welderConfig.cmake
[3.752s] -- Installing: /home/taaniel/weld_ws/install/ur5_welder/share/ur5_welder/cmake/ur5_welderConfig-version.cmake
[3.753s] -- Installing: /home/taaniel/weld_ws/install/ur5_welder/share/ur5_welder/package.xml
[3.756s] Invoked command in '/home/taaniel/weld_ws/build/ur5_welder' returned '0': CMAKE_PREFIX_PATH=/opt/ros/foxy /usr/bin/cmake --install /home/taaniel/weld_ws/build/ur5_welder
