[0.078s] Invoking command in '/home/taaniel/weld_ws/build/run_moveit_cpp': CMAKE_PREFIX_PATH=${CMAKE_PREFIX_PATH}:/home/taaniel/workspace/ros_ur_driver/install/ros2controlcli:/home/taaniel/workspace/ros_ur_driver/install/ros2_control_test_nodes:/opt/ros/foxy /usr/bin/cmake --build /home/taaniel/weld_ws/build/run_moveit_cpp -- -j4 -l4
[0.252s] [100%] Built target run_moveit_cpp
[0.295s] Invoked command in '/home/taaniel/weld_ws/build/run_moveit_cpp' returned '0': CMAKE_PREFIX_PATH=${CMAKE_PREFIX_PATH}:/home/taaniel/workspace/ros_ur_driver/install/ros2controlcli:/home/taaniel/workspace/ros_ur_driver/install/ros2_control_test_nodes:/opt/ros/foxy /usr/bin/cmake --build /home/taaniel/weld_ws/build/run_moveit_cpp -- -j4 -l4
[0.420s] Invoking command in '/home/taaniel/weld_ws/build/run_moveit_cpp': CMAKE_PREFIX_PATH=${CMAKE_PREFIX_PATH}:/home/taaniel/workspace/ros_ur_driver/install/ros2controlcli:/home/taaniel/workspace/ros_ur_driver/install/ros2_control_test_nodes:/opt/ros/foxy /usr/bin/cmake --install /home/taaniel/weld_ws/build/run_moveit_cpp
[0.453s] -- Install configuration: "Release"
[0.455s] -- Up-to-date: /home/taaniel/weld_ws/install/run_moveit_cpp/lib/run_moveit_cpp/run_moveit_cpp
[0.456s] -- Up-to-date: /home/taaniel/weld_ws/install/run_moveit_cpp/share/run_moveit_cpp/launch
[0.457s] -- Up-to-date: /home/taaniel/weld_ws/install/run_moveit_cpp/share/run_moveit_cpp/launch/run_moveit_cpp.launch.py
[0.457s] -- Up-to-date: /home/taaniel/weld_ws/install/run_moveit_cpp/share/run_moveit_cpp/launch/run_moveit_cpp.rviz
[0.457s] -- Up-to-date: /home/taaniel/weld_ws/install/run_moveit_cpp/share/run_moveit_cpp/config
[0.458s] -- Up-to-date: /home/taaniel/weld_ws/install/run_moveit_cpp/share/run_moveit_cpp/config/moveit_cpp.yaml
[0.458s] -- Up-to-date: /home/taaniel/weld_ws/install/run_moveit_cpp/share/run_moveit_cpp/config/fake_controllers.yaml
[0.459s] -- Up-to-date: /home/taaniel/weld_ws/install/run_moveit_cpp/share/run_moveit_cpp/config/start_positions.yaml
[0.459s] -- Up-to-date: /home/taaniel/weld_ws/install/run_moveit_cpp/share/run_moveit_cpp/config/panda_controllers.yaml
[0.459s] -- Up-to-date: /home/taaniel/weld_ws/install/run_moveit_cpp/share/ament_index/resource_index/package_run_dependencies/run_moveit_cpp
[0.459s] -- Up-to-date: /home/taaniel/weld_ws/install/run_moveit_cpp/share/ament_index/resource_index/parent_prefix_path/run_moveit_cpp
[0.460s] -- Up-to-date: /home/taaniel/weld_ws/install/run_moveit_cpp/share/run_moveit_cpp/environment/ament_prefix_path.sh
[0.460s] -- Up-to-date: /home/taaniel/weld_ws/install/run_moveit_cpp/share/run_moveit_cpp/environment/ament_prefix_path.dsv
[0.460s] -- Up-to-date: /home/taaniel/weld_ws/install/run_moveit_cpp/share/run_moveit_cpp/environment/path.sh
[0.460s] -- Up-to-date: /home/taaniel/weld_ws/install/run_moveit_cpp/share/run_moveit_cpp/environment/path.dsv
[0.460s] -- Up-to-date: /home/taaniel/weld_ws/install/run_moveit_cpp/share/run_moveit_cpp/local_setup.bash
[0.460s] -- Up-to-date: /home/taaniel/weld_ws/install/run_moveit_cpp/share/run_moveit_cpp/local_setup.sh
[0.461s] -- Up-to-date: /home/taaniel/weld_ws/install/run_moveit_cpp/share/run_moveit_cpp/local_setup.zsh
[0.461s] -- Up-to-date: /home/taaniel/weld_ws/install/run_moveit_cpp/share/run_moveit_cpp/local_setup.dsv
[0.461s] -- Installing: /home/taaniel/weld_ws/install/run_moveit_cpp/share/run_moveit_cpp/package.dsv
[0.461s] -- Up-to-date: /home/taaniel/weld_ws/install/run_moveit_cpp/share/ament_index/resource_index/packages/run_moveit_cpp
[0.462s] -- Up-to-date: /home/taaniel/weld_ws/install/run_moveit_cpp/share/run_moveit_cpp/cmake/export_run_moveit_cppExport.cmake
[0.462s] -- Up-to-date: /home/taaniel/weld_ws/install/run_moveit_cpp/share/run_moveit_cpp/cmake/export_run_moveit_cppExport-release.cmake
[0.462s] -- Up-to-date: /home/taaniel/weld_ws/install/run_moveit_cpp/share/run_moveit_cpp/cmake/ament_cmake_export_targets-extras.cmake
[0.462s] -- Up-to-date: /home/taaniel/weld_ws/install/run_moveit_cpp/share/run_moveit_cpp/cmake/run_moveit_cppConfig.cmake
[0.462s] -- Up-to-date: /home/taaniel/weld_ws/install/run_moveit_cpp/share/run_moveit_cpp/cmake/run_moveit_cppConfig-version.cmake
[0.462s] -- Up-to-date: /home/taaniel/weld_ws/install/run_moveit_cpp/share/run_moveit_cpp/package.xml
[0.471s] Invoked command in '/home/taaniel/weld_ws/build/run_moveit_cpp' returned '0': CMAKE_PREFIX_PATH=${CMAKE_PREFIX_PATH}:/home/taaniel/workspace/ros_ur_driver/install/ros2controlcli:/home/taaniel/workspace/ros_ur_driver/install/ros2_control_test_nodes:/opt/ros/foxy /usr/bin/cmake --install /home/taaniel/weld_ws/build/run_moveit_cpp
